[0.011s] Invoking command in '/workspace/build/telemetry_bridge': CMAKE_PREFIX_PATH=/opt/ros/foxy /usr/bin/cmake --build /workspace/build/telemetry_bridge -- -j16 -l16
[0.055s] [  9%] Built target gtest_main
[0.055s] [  9%] Built target telemetry_bridge__cpp
[0.055s] [  9%] Built target gtest
[0.058s] [ 17%] Built target telemetry_bridge__rosidl_generator_c
[0.071s] [ 21%] Built target latency_test
[0.071s] [ 28%] Built target telemetry_bridge__rosidl_typesupport_cpp
[0.072s] [ 36%] Built target telemetry_bridge__rosidl_typesupport_introspection_cpp
[0.073s] [ 44%] Built target telemetry_bridge__rosidl_typesupport_fastrtps_cpp
[0.074s] [ 51%] Built target telemetry_bridge__rosidl_typesupport_c
[0.075s] [ 59%] Built target telemetry_bridge__rosidl_typesupport_introspection_c
[0.091s] [ 67%] Built target telemetry_bridge__rosidl_typesupport_fastrtps_c
[0.106s] [ 67%] Built target telemetry_bridge
[0.122s] [ 69%] Built target telemetry_bridge__py
[0.130s] Scanning dependencies of target telemetry_bridge_nodes
[0.140s] [ 75%] Built target telemetry_bridge__python
[0.141s] [ 76%] Building CXX object CMakeFiles/telemetry_bridge_nodes.dir/workspace/src/UdpBridgeNode.cpp.o
[0.156s] [ 80%] Built target telemetry_bridge__rosidl_typesupport_c__pyext
[0.156s] [ 84%] Built target telemetry_bridge__rosidl_typesupport_introspection_c__pyext
[0.157s] [ 88%] Built target telemetry_bridge__rosidl_typesupport_fastrtps_c__pyext
[2.720s] [ 90%] Linking CXX shared library libtelemetry_bridge_nodes.so
[2.955s] [ 92%] Built target telemetry_bridge_nodes
[2.978s] Scanning dependencies of target udp_bridge
[2.979s] Scanning dependencies of target monitor_test
[2.989s] [ 94%] Building CXX object CMakeFiles/udp_bridge.dir/workspace/src/main.cpp.o
[2.989s] [ 96%] Building CXX object CMakeFiles/monitor_test.dir/workspace/src/tests/monitor_test.cpp.o
[4.051s] [ 98%] Linking CXX executable udp_bridge
[4.146s] [ 98%] Built target udp_bridge
[4.489s] [100%] Linking CXX executable monitor_test
[4.621s] [100%] Built target monitor_test
[4.630s] Invoked command in '/workspace/build/telemetry_bridge' returned '0': CMAKE_PREFIX_PATH=/opt/ros/foxy /usr/bin/cmake --build /workspace/build/telemetry_bridge -- -j16 -l16
[4.692s] Invoking command in '/workspace/build/telemetry_bridge': CMAKE_PREFIX_PATH=/opt/ros/foxy /usr/bin/cmake --install /workspace/build/telemetry_bridge
[4.699s] -- Install configuration: ""
[4.699s] -- Up-to-date: /workspace/install/telemetry_bridge/share/ament_index/resource_index/rosidl_interfaces/telemetry_bridge
[4.699s] -- Up-to-date: /workspace/install/telemetry_bridge/include/telemetry_bridge
[4.699s] -- Up-to-date: /workspace/install/telemetry_bridge/include/telemetry_bridge/msg
[4.699s] -- Up-to-date: /workspace/install/telemetry_bridge/include/telemetry_bridge/msg/rosidl_generator_c__visibility_control.h
[4.699s] -- Installing: /workspace/install/telemetry_bridge/include/telemetry_bridge/msg/telemetry_state.h
[4.699s] -- Up-to-date: /workspace/install/telemetry_bridge/include/telemetry_bridge/msg/detail
[4.699s] -- Installing: /workspace/install/telemetry_bridge/include/telemetry_bridge/msg/detail/latency_stats__type_support.h
[4.699s] -- Installing: /workspace/install/telemetry_bridge/include/telemetry_bridge/msg/detail/telemetry_state__functions.c
[4.699s] -- Installing: /workspace/install/telemetry_bridge/include/telemetry_bridge/msg/detail/latency_stats__struct.h
[4.699s] -- Installing: /workspace/install/telemetry_bridge/include/telemetry_bridge/msg/detail/telemetry_state__struct.h
[4.699s] -- Installing: /workspace/install/telemetry_bridge/include/telemetry_bridge/msg/detail/telemetry_state__functions.h
[4.700s] -- Installing: /workspace/install/telemetry_bridge/include/telemetry_bridge/msg/detail/latency_stats__functions.h
[4.700s] -- Installing: /workspace/install/telemetry_bridge/include/telemetry_bridge/msg/detail/telemetry_state__type_support.h
[4.700s] -- Installing: /workspace/install/telemetry_bridge/include/telemetry_bridge/msg/detail/latency_stats__functions.c
[4.700s] -- Installing: /workspace/install/telemetry_bridge/include/telemetry_bridge/msg/latency_stats.h
[4.700s] -- Up-to-date: /workspace/install/telemetry_bridge/share/telemetry_bridge/environment/library_path.sh
[4.700s] -- Installing: /workspace/install/telemetry_bridge/share/telemetry_bridge/environment/library_path.dsv
[4.701s] -- Installing: /workspace/install/telemetry_bridge/lib/libtelemetry_bridge__rosidl_generator_c.so
[4.701s] -- Set runtime path of "/workspace/install/telemetry_bridge/lib/libtelemetry_bridge__rosidl_generator_c.so" to ""
[4.701s] -- Up-to-date: /workspace/install/telemetry_bridge/include/telemetry_bridge
[4.701s] -- Up-to-date: /workspace/install/telemetry_bridge/include/telemetry_bridge/msg
[4.701s] -- Up-to-date: /workspace/install/telemetry_bridge/include/telemetry_bridge/msg/detail
[4.701s] -- Installing: /workspace/install/telemetry_bridge/include/telemetry_bridge/msg/detail/latency_stats__rosidl_typesupport_fastrtps_c.h
[4.702s] -- Installing: /workspace/install/telemetry_bridge/include/telemetry_bridge/msg/detail/telemetry_state__rosidl_typesupport_fastrtps_c.h
[4.702s] -- Up-to-date: /workspace/install/telemetry_bridge/include/telemetry_bridge/msg/rosidl_typesupport_fastrtps_c__visibility_control.h
[4.702s] -- Installing: /workspace/install/telemetry_bridge/lib/libtelemetry_bridge__rosidl_typesupport_fastrtps_c.so
[4.702s] -- Set runtime path of "/workspace/install/telemetry_bridge/lib/libtelemetry_bridge__rosidl_typesupport_fastrtps_c.so" to ""
[4.702s] -- Up-to-date: /workspace/install/telemetry_bridge/include/telemetry_bridge
[4.702s] -- Up-to-date: /workspace/install/telemetry_bridge/include/telemetry_bridge/msg
[4.702s] -- Up-to-date: /workspace/install/telemetry_bridge/include/telemetry_bridge/msg/rosidl_typesupport_fastrtps_cpp__visibility_control.h
[4.702s] -- Up-to-date: /workspace/install/telemetry_bridge/include/telemetry_bridge/msg/detail
[4.703s] -- Up-to-date: /workspace/install/telemetry_bridge/include/telemetry_bridge/msg/detail/dds_fastrtps
[4.703s] -- Installing: /workspace/install/telemetry_bridge/include/telemetry_bridge/msg/detail/latency_stats__rosidl_typesupport_fastrtps_cpp.hpp
[4.703s] -- Installing: /workspace/install/telemetry_bridge/include/telemetry_bridge/msg/detail/telemetry_state__rosidl_typesupport_fastrtps_cpp.hpp
[4.703s] -- Installing: /workspace/install/telemetry_bridge/lib/libtelemetry_bridge__rosidl_typesupport_fastrtps_cpp.so
[4.703s] -- Set runtime path of "/workspace/install/telemetry_bridge/lib/libtelemetry_bridge__rosidl_typesupport_fastrtps_cpp.so" to ""
[4.703s] -- Up-to-date: /workspace/install/telemetry_bridge/include/telemetry_bridge
[4.703s] -- Up-to-date: /workspace/install/telemetry_bridge/include/telemetry_bridge/msg
[4.703s] -- Up-to-date: /workspace/install/telemetry_bridge/include/telemetry_bridge/msg/detail
[4.703s] -- Installing: /workspace/install/telemetry_bridge/include/telemetry_bridge/msg/detail/telemetry_state__rosidl_typesupport_introspection_c.h
[4.704s] -- Installing: /workspace/install/telemetry_bridge/include/telemetry_bridge/msg/detail/telemetry_state__type_support.c
[4.704s] -- Installing: /workspace/install/telemetry_bridge/include/telemetry_bridge/msg/detail/latency_stats__rosidl_typesupport_introspection_c.h
[4.704s] -- Installing: /workspace/install/telemetry_bridge/include/telemetry_bridge/msg/detail/latency_stats__type_support.c
[4.704s] -- Up-to-date: /workspace/install/telemetry_bridge/include/telemetry_bridge/msg/rosidl_typesupport_introspection_c__visibility_control.h
[4.704s] -- Installing: /workspace/install/telemetry_bridge/lib/libtelemetry_bridge__rosidl_typesupport_introspection_c.so
[4.704s] -- Set runtime path of "/workspace/install/telemetry_bridge/lib/libtelemetry_bridge__rosidl_typesupport_introspection_c.so" to ""
[4.705s] -- Installing: /workspace/install/telemetry_bridge/lib/libtelemetry_bridge__rosidl_typesupport_c.so
[4.705s] -- Set runtime path of "/workspace/install/telemetry_bridge/lib/libtelemetry_bridge__rosidl_typesupport_c.so" to ""
[4.705s] -- Up-to-date: /workspace/install/telemetry_bridge/include/telemetry_bridge
[4.705s] -- Up-to-date: /workspace/install/telemetry_bridge/include/telemetry_bridge/msg
[4.705s] -- Up-to-date: /workspace/install/telemetry_bridge/include/telemetry_bridge/msg/detail
[4.705s] -- Installing: /workspace/install/telemetry_bridge/include/telemetry_bridge/msg/detail/telemetry_state__traits.hpp
[4.705s] -- Installing: /workspace/install/telemetry_bridge/include/telemetry_bridge/msg/detail/telemetry_state__builder.hpp
[4.705s] -- Installing: /workspace/install/telemetry_bridge/include/telemetry_bridge/msg/detail/latency_stats__struct.hpp
[4.706s] -- Installing: /workspace/install/telemetry_bridge/include/telemetry_bridge/msg/detail/telemetry_state__type_support.hpp
[4.706s] -- Installing: /workspace/install/telemetry_bridge/include/telemetry_bridge/msg/detail/telemetry_state__struct.hpp
[4.706s] -- Installing: /workspace/install/telemetry_bridge/include/telemetry_bridge/msg/detail/latency_stats__type_support.hpp
[4.706s] -- Installing: /workspace/install/telemetry_bridge/include/telemetry_bridge/msg/detail/latency_stats__traits.hpp
[4.706s] -- Installing: /workspace/install/telemetry_bridge/include/telemetry_bridge/msg/detail/latency_stats__builder.hpp
[4.706s] -- Up-to-date: /workspace/install/telemetry_bridge/include/telemetry_bridge/msg/rosidl_generator_cpp__visibility_control.hpp
[4.706s] -- Installing: /workspace/install/telemetry_bridge/include/telemetry_bridge/msg/telemetry_state.hpp
[4.706s] -- Installing: /workspace/install/telemetry_bridge/include/telemetry_bridge/msg/latency_stats.hpp
[4.706s] -- Up-to-date: /workspace/install/telemetry_bridge/include/telemetry_bridge
[4.706s] -- Up-to-date: /workspace/install/telemetry_bridge/include/telemetry_bridge/msg
[4.706s] -- Up-to-date: /workspace/install/telemetry_bridge/include/telemetry_bridge/msg/detail
[4.707s] -- Installing: /workspace/install/telemetry_bridge/include/telemetry_bridge/msg/detail/latency_stats__type_support.cpp
[4.707s] -- Installing: /workspace/install/telemetry_bridge/include/telemetry_bridge/msg/detail/latency_stats__rosidl_typesupport_introspection_cpp.hpp
[4.707s] -- Installing: /workspace/install/telemetry_bridge/include/telemetry_bridge/msg/detail/telemetry_state__type_support.cpp
[4.707s] -- Installing: /workspace/install/telemetry_bridge/include/telemetry_bridge/msg/detail/telemetry_state__rosidl_typesupport_introspection_cpp.hpp
[4.707s] -- Installing: /workspace/install/telemetry_bridge/lib/libtelemetry_bridge__rosidl_typesupport_introspection_cpp.so
[4.708s] -- Set runtime path of "/workspace/install/telemetry_bridge/lib/libtelemetry_bridge__rosidl_typesupport_introspection_cpp.so" to ""
[4.708s] -- Installing: /workspace/install/telemetry_bridge/lib/libtelemetry_bridge__rosidl_typesupport_cpp.so
[4.708s] -- Set runtime path of "/workspace/install/telemetry_bridge/lib/libtelemetry_bridge__rosidl_typesupport_cpp.so" to ""
[4.709s] -- Up-to-date: /workspace/install/telemetry_bridge/share/telemetry_bridge/environment/pythonpath.sh
[4.709s] -- Installing: /workspace/install/telemetry_bridge/share/telemetry_bridge/environment/pythonpath.dsv
[4.709s] -- Installing: /workspace/install/telemetry_bridge/lib/python3.8/site-packages/telemetry_bridge/__init__.py
[4.726s] Compiling '/workspace/install/telemetry_bridge/lib/python3.8/site-packages/telemetry_bridge/__init__.py'...
[4.728s] -- Up-to-date: /workspace/install/telemetry_bridge/lib/python3.8/site-packages/telemetry_bridge/msg
[4.728s] -- Installing: /workspace/install/telemetry_bridge/lib/python3.8/site-packages/telemetry_bridge/msg/__init__.py
[4.728s] -- Installing: /workspace/install/telemetry_bridge/lib/python3.8/site-packages/telemetry_bridge/msg/_latency_stats_s.c
[4.728s] -- Installing: /workspace/install/telemetry_bridge/lib/python3.8/site-packages/telemetry_bridge/msg/_telemetry_state_s.c
[4.728s] -- Installing: /workspace/install/telemetry_bridge/lib/python3.8/site-packages/telemetry_bridge/msg/_telemetry_state.py
[4.728s] -- Installing: /workspace/install/telemetry_bridge/lib/python3.8/site-packages/telemetry_bridge/msg/_latency_stats.py
[4.729s] -- Installing: /workspace/install/telemetry_bridge/lib/python3.8/site-packages/telemetry_bridge/telemetry_bridge_s__rosidl_typesupport_fastrtps_c.cpython-38-x86_64-linux-gnu.so
[4.729s] -- Set runtime path of "/workspace/install/telemetry_bridge/lib/python3.8/site-packages/telemetry_bridge/telemetry_bridge_s__rosidl_typesupport_fastrtps_c.cpython-38-x86_64-linux-gnu.so" to ""
[4.730s] -- Installing: /workspace/install/telemetry_bridge/lib/python3.8/site-packages/telemetry_bridge/telemetry_bridge_s__rosidl_typesupport_introspection_c.cpython-38-x86_64-linux-gnu.so
[4.730s] -- Set runtime path of "/workspace/install/telemetry_bridge/lib/python3.8/site-packages/telemetry_bridge/telemetry_bridge_s__rosidl_typesupport_introspection_c.cpython-38-x86_64-linux-gnu.so" to ""
[4.731s] -- Installing: /workspace/install/telemetry_bridge/lib/python3.8/site-packages/telemetry_bridge/telemetry_bridge_s__rosidl_typesupport_c.cpython-38-x86_64-linux-gnu.so
[4.731s] -- Set runtime path of "/workspace/install/telemetry_bridge/lib/python3.8/site-packages/telemetry_bridge/telemetry_bridge_s__rosidl_typesupport_c.cpython-38-x86_64-linux-gnu.so" to ""
[4.731s] -- Installing: /workspace/install/telemetry_bridge/lib/libtelemetry_bridge__python.so
[4.731s] -- Set runtime path of "/workspace/install/telemetry_bridge/lib/libtelemetry_bridge__python.so" to ""
[4.732s] -- Installing: /workspace/install/telemetry_bridge/share/telemetry_bridge/msg/TelemetryState.idl
[4.732s] -- Installing: /workspace/install/telemetry_bridge/share/telemetry_bridge/msg/LatencyStats.idl
[4.732s] -- Installing: /workspace/install/telemetry_bridge/share/telemetry_bridge/msg/TelemetryState.msg
[4.732s] -- Installing: /workspace/install/telemetry_bridge/share/telemetry_bridge/msg/LatencyStats.msg
[4.732s] -- Installing: /workspace/install/telemetry_bridge/lib/telemetry_bridge/udp_bridge
[4.733s] -- Set runtime path of "/workspace/install/telemetry_bridge/lib/telemetry_bridge/udp_bridge" to ""
[4.733s] -- Up-to-date: /workspace/install/telemetry_bridge/share/telemetry_bridge/launch
[4.733s] -- Installing: /workspace/install/telemetry_bridge/share/telemetry_bridge/launch/bridge_launch.py
[4.733s] -- Up-to-date: /workspace/install/telemetry_bridge/share/telemetry_bridge/config
[4.733s] -- Up-to-date: /workspace/install/telemetry_bridge/share/telemetry_bridge/config/bridge_params.yaml
[4.733s] -- Installing: /workspace/install/telemetry_bridge/share/ament_index/resource_index/package_run_dependencies/telemetry_bridge
[4.733s] -- Up-to-date: /workspace/install/telemetry_bridge/share/ament_index/resource_index/parent_prefix_path/telemetry_bridge
[4.733s] -- Up-to-date: /workspace/install/telemetry_bridge/share/telemetry_bridge/environment/ament_prefix_path.sh
[4.733s] -- Installing: /workspace/install/telemetry_bridge/share/telemetry_bridge/environment/ament_prefix_path.dsv
[4.734s] -- Up-to-date: /workspace/install/telemetry_bridge/share/telemetry_bridge/environment/path.sh
[4.734s] -- Installing: /workspace/install/telemetry_bridge/share/telemetry_bridge/environment/path.dsv
[4.734s] -- Up-to-date: /workspace/install/telemetry_bridge/share/telemetry_bridge/local_setup.bash
[4.734s] -- Up-to-date: /workspace/install/telemetry_bridge/share/telemetry_bridge/local_setup.sh
[4.734s] -- Up-to-date: /workspace/install/telemetry_bridge/share/telemetry_bridge/local_setup.zsh
[4.734s] -- Installing: /workspace/install/telemetry_bridge/share/telemetry_bridge/local_setup.dsv
[4.734s] -- Installing: /workspace/install/telemetry_bridge/share/telemetry_bridge/package.dsv
[4.734s] -- Up-to-date: /workspace/install/telemetry_bridge/share/ament_index/resource_index/packages/telemetry_bridge
[4.734s] -- Up-to-date: /workspace/install/telemetry_bridge/share/telemetry_bridge/cmake/telemetry_bridge__rosidl_generator_cExport.cmake
[4.734s] -- Installing: /workspace/install/telemetry_bridge/share/telemetry_bridge/cmake/telemetry_bridge__rosidl_generator_cExport-noconfig.cmake
[4.735s] -- Up-to-date: /workspace/install/telemetry_bridge/share/telemetry_bridge/cmake/telemetry_bridge__rosidl_typesupport_introspection_cExport.cmake
[4.735s] -- Installing: /workspace/install/telemetry_bridge/share/telemetry_bridge/cmake/telemetry_bridge__rosidl_typesupport_introspection_cExport-noconfig.cmake
[4.735s] -- Up-to-date: /workspace/install/telemetry_bridge/share/telemetry_bridge/cmake/telemetry_bridge__rosidl_typesupport_cExport.cmake
[4.735s] -- Installing: /workspace/install/telemetry_bridge/share/telemetry_bridge/cmake/telemetry_bridge__rosidl_typesupport_cExport-noconfig.cmake
[4.735s] -- Up-to-date: /workspace/install/telemetry_bridge/share/telemetry_bridge/cmake/telemetry_bridge__rosidl_generator_cppExport.cmake
[4.735s] -- Up-to-date: /workspace/install/telemetry_bridge/share/telemetry_bridge/cmake/telemetry_bridge__rosidl_typesupport_introspection_cppExport.cmake
[4.735s] -- Installing: /workspace/install/telemetry_bridge/share/telemetry_bridge/cmake/telemetry_bridge__rosidl_typesupport_introspection_cppExport-noconfig.cmake
[4.736s] -- Up-to-date: /workspace/install/telemetry_bridge/share/telemetry_bridge/cmake/telemetry_bridge__rosidl_typesupport_cppExport.cmake
[4.736s] -- Installing: /workspace/install/telemetry_bridge/share/telemetry_bridge/cmake/telemetry_bridge__rosidl_typesupport_cppExport-noconfig.cmake
[4.736s] -- Up-to-date: /workspace/install/telemetry_bridge/share/telemetry_bridge/cmake/rosidl_cmake-extras.cmake
[4.736s] -- Up-to-date: /workspace/install/telemetry_bridge/share/telemetry_bridge/cmake/ament_cmake_export_dependencies-extras.cmake
[4.736s] -- Up-to-date: /workspace/install/telemetry_bridge/share/telemetry_bridge/cmake/ament_cmake_export_libraries-extras.cmake
[4.736s] -- Up-to-date: /workspace/install/telemetry_bridge/share/telemetry_bridge/cmake/ament_cmake_export_targets-extras.cmake
[4.736s] -- Up-to-date: /workspace/install/telemetry_bridge/share/telemetry_bridge/cmake/ament_cmake_export_include_directories-extras.cmake
[4.736s] -- Up-to-date: /workspace/install/telemetry_bridge/share/telemetry_bridge/cmake/rosidl_cmake_export_typesupport_libraries-extras.cmake
[4.736s] -- Up-to-date: /workspace/install/telemetry_bridge/share/telemetry_bridge/cmake/rosidl_cmake_export_typesupport_targets-extras.cmake
[4.736s] -- Up-to-date: /workspace/install/telemetry_bridge/share/telemetry_bridge/cmake/telemetry_bridgeConfig.cmake
[4.736s] -- Up-to-date: /workspace/install/telemetry_bridge/share/telemetry_bridge/cmake/telemetry_bridgeConfig-version.cmake
[4.736s] -- Installing: /workspace/install/telemetry_bridge/share/telemetry_bridge/package.xml
[4.738s] Invoked command in '/workspace/build/telemetry_bridge' returned '0': CMAKE_PREFIX_PATH=/opt/ros/foxy /usr/bin/cmake --install /workspace/build/telemetry_bridge
