[0.000000] (-) TimerEvent: {}
[0.000115] (-) JobUnselected: {'identifier': 'sim_clock'}
[0.000254] (-) JobUnselected: {'identifier': 'spacecraft_tf'}
[0.000318] (-) JobUnselected: {'identifier': 'thruster_control'}
[0.000412] (telemetry_bridge) JobQueued: {'identifier': 'telemetry_bridge', 'dependencies': OrderedDict()}
[0.000426] (telemetry_bridge) JobStarted: {'identifier': 'telemetry_bridge'}
[0.013958] (telemetry_bridge) JobProgress: {'identifier': 'telemetry_bridge', 'progress': 'cmake'}
[0.014715] (telemetry_bridge) JobProgress: {'identifier': 'telemetry_bridge', 'progress': 'build'}
[0.015118] (telemetry_bridge) Command: {'cmd': ['/usr/bin/cmake', '--build', '/workspace/build/telemetry_bridge', '--', '-j16', '-l16'], 'cwd': '/workspace/build/telemetry_bridge', 'env': OrderedDict([('HOSTNAME', 'bd9acf3391f9'), ('SHLVL', '1'), ('LD_LIBRARY_PATH', '/opt/ros/foxy/opt/yaml_cpp_vendor/lib:/opt/ros/foxy/lib/x86_64-linux-gnu:/opt/ros/foxy/lib'), ('HOME', '/root'), ('OLDPWD', '/workspace'), ('ROS_PYTHON_VERSION', '3'), ('ROS_DISTRO', 'foxy'), ('_', '/usr/bin/colcon'), ('ROS_VERSION', '2'), ('ROS_LOCALHOST_ONLY', '0'), ('PATH', '/opt/ros/foxy/bin:/usr/local/sbin:/usr/local/bin:/usr/sbin:/usr/bin:/sbin:/bin'), ('DOCKER_TEST_RUN', '1'), ('LANG', 'C.UTF-8'), ('AMENT_PREFIX_PATH', '/opt/ros/foxy'), ('PWD', '/workspace/build/telemetry_bridge'), ('LC_ALL', 'C.UTF-8'), ('BUILD_TESTING', 'ON'), ('PYTHONPATH', '/opt/ros/foxy/lib/python3.8/site-packages'), ('COLCON', '1'), ('CMAKE_PREFIX_PATH', '/opt/ros/foxy')]), 'shell': False}
[0.097964] (telemetry_bridge) StdoutLine: {'line': b'-- Found ament_cmake: 0.9.12 (/opt/ros/foxy/share/ament_cmake/cmake)\n'}
[0.099853] (-) TimerEvent: {}
[0.109668] (telemetry_bridge) StdoutLine: {'line': b'-- Found PythonInterp: /usr/bin/python3 (found suitable version "3.8.10", minimum required is "3") \n'}
[0.109793] (telemetry_bridge) StdoutLine: {'line': b'-- Using PYTHON_EXECUTABLE: /usr/bin/python3\n'}
[0.194962] (telemetry_bridge) StdoutLine: {'line': b'-- Found rclcpp: 2.4.3 (/opt/ros/foxy/share/rclcpp/cmake)\n'}
[0.199917] (-) TimerEvent: {}
[0.217500] (telemetry_bridge) StdoutLine: {'line': b'-- Using all available rosidl_typesupport_c: rosidl_typesupport_fastrtps_c;rosidl_typesupport_introspection_c\n'}
[0.220288] (telemetry_bridge) StdoutLine: {'line': b'-- Found rosidl_adapter: 1.3.1 (/opt/ros/foxy/share/rosidl_adapter/cmake)\n'}
[0.286600] (telemetry_bridge) StdoutLine: {'line': b'-- Using all available rosidl_typesupport_cpp: rosidl_typesupport_fastrtps_cpp;rosidl_typesupport_introspection_cpp\n'}
[0.300002] (-) TimerEvent: {}
[0.317358] (telemetry_bridge) StdoutLine: {'line': b'-- Found rmw_implementation_cmake: 1.0.4 (/opt/ros/foxy/share/rmw_implementation_cmake/cmake)\n'}
[0.318504] (telemetry_bridge) StdoutLine: {'line': b"-- Using RMW implementation 'rmw_fastrtps_cpp' as default\n"}
[0.396760] (telemetry_bridge) StdoutLine: {'line': b'-- Found geometry_msgs: 2.0.5 (/opt/ros/foxy/share/geometry_msgs/cmake)\n'}
[0.400060] (-) TimerEvent: {}
[0.414806] (telemetry_bridge) StdoutLine: {'line': b'-- Found rosidl_default_generators: 1.0.1 (/opt/ros/foxy/share/rosidl_default_generators/cmake)\n'}
[0.420676] (telemetry_bridge) StdoutLine: {'line': b'-- Found ament_cmake_gtest: 0.9.12 (/opt/ros/foxy/share/ament_cmake_gtest/cmake)\n'}
[0.431108] (telemetry_bridge) StdoutLine: {'line': b'-- Found PythonInterp: /usr/bin/python3 (found version "3.8.10") \n'}
[0.500154] (-) TimerEvent: {}
[0.517215] (telemetry_bridge) StdoutLine: {'line': b'-- Found ament_cmake_ros: 0.9.2 (/opt/ros/foxy/share/ament_cmake_ros/cmake)\n'}
[0.598351] (telemetry_bridge) StdoutLine: {'line': b'-- Using all available rosidl_typesupport_c: rosidl_typesupport_fastrtps_c;rosidl_typesupport_introspection_c\n'}
[0.600206] (-) TimerEvent: {}
[0.630027] (telemetry_bridge) StdoutLine: {'line': b'-- Using all available rosidl_typesupport_cpp: rosidl_typesupport_fastrtps_cpp;rosidl_typesupport_introspection_cpp\n'}
[0.641144] (telemetry_bridge) StdoutLine: {'line': b'-- Found PythonInterp: /usr/bin/python3 (found suitable version "3.8.10", minimum required is "3.5") \n'}
[0.641460] (telemetry_bridge) StdoutLine: {'line': b'-- Found python_cmake_module: 0.8.1 (/opt/ros/foxy/share/python_cmake_module/cmake)\n'}
[0.652437] (telemetry_bridge) StdoutLine: {'line': b'-- Using PYTHON_EXECUTABLE: /usr/bin/python3\n'}
[0.652505] (telemetry_bridge) StdoutLine: {'line': b'-- Using PYTHON_INCLUDE_DIRS: /usr/include/python3.8\n'}
[0.652546] (telemetry_bridge) StdoutLine: {'line': b'-- Using PYTHON_LIBRARIES: /usr/lib/x86_64-linux-gnu/libpython3.8.so\n'}
[0.671570] (telemetry_bridge) StdoutLine: {'line': b"-- Found gtest sources under '/opt/ros/foxy/src/gtest_vendor': C++ tests using 'Google Test' will be built\n"}
[0.683505] (telemetry_bridge) StdoutLine: {'line': b'-- Configuring done\n'}
[0.700280] (-) TimerEvent: {}
[0.739384] (telemetry_bridge) StdoutLine: {'line': b'-- Generating done\n'}
[0.742020] (telemetry_bridge) StdoutLine: {'line': b'-- Build files have been written to: /workspace/build/telemetry_bridge\n'}
[0.761757] (telemetry_bridge) StdoutLine: {'line': b'[  1%] Generating C code for ROS interfaces\n'}
[0.769268] (telemetry_bridge) StdoutLine: {'line': b'[  3%] Generating C++ code for ROS interfaces\n'}
[0.769763] (telemetry_bridge) StdoutLine: {'line': b'[ 11%] Built target gtest\n'}
[0.769803] (telemetry_bridge) StdoutLine: {'line': b'[ 11%] Built target gtest_main\n'}
[0.783659] (telemetry_bridge) StdoutLine: {'line': b'[ 13%] Building CXX object CMakeFiles/latency_test.dir/workspace/src/tests/latency_test.cpp.o\n'}
[0.800364] (-) TimerEvent: {}
[0.900499] (-) TimerEvent: {}
[0.943669] (telemetry_bridge) StdoutLine: {'line': b'[ 13%] Built target telemetry_bridge__cpp\n'}
[0.951246] (telemetry_bridge) StdoutLine: {'line': b'[ 15%] Generating C++ type support dispatch for ROS interfaces\n'}
[0.951398] (telemetry_bridge) StdoutLine: {'line': b'[ 19%] Generating C++ type support for eProsima Fast-RTPS\n'}
[0.951474] (telemetry_bridge) StdoutLine: {'line': b'[ 19%] Generating C++ introspection for ROS interfaces\n'}
[0.957425] (telemetry_bridge) StdoutLine: {'line': b'Scanning dependencies of target telemetry_bridge__rosidl_generator_c\n'}
[0.968049] (telemetry_bridge) StdoutLine: {'line': b'[ 23%] Building C object CMakeFiles/telemetry_bridge__rosidl_generator_c.dir/rosidl_generator_c/telemetry_bridge/msg/detail/latency_stats__functions.c.o\n'}
[0.968162] (telemetry_bridge) StdoutLine: {'line': b'[ 23%] Building C object CMakeFiles/telemetry_bridge__rosidl_generator_c.dir/rosidl_generator_c/telemetry_bridge/msg/detail/telemetry_state__functions.c.o\n'}
[1.000587] (-) TimerEvent: {}
[1.050586] (telemetry_bridge) StdoutLine: {'line': b'[ 25%] Linking C shared library libtelemetry_bridge__rosidl_generator_c.so\n'}
[1.093223] (telemetry_bridge) StdoutLine: {'line': b'[ 25%] Built target telemetry_bridge__rosidl_generator_c\n'}
[1.100681] (-) TimerEvent: {}
[1.101897] (telemetry_bridge) StdoutLine: {'line': b'[ 28%] Generating C introspection for ROS interfaces\n'}
[1.102026] (telemetry_bridge) StdoutLine: {'line': b'[ 28%] Generating C type support dispatch for ROS interfaces\n'}
[1.112755] (telemetry_bridge) StdoutLine: {'line': b'Scanning dependencies of target telemetry_bridge__rosidl_typesupport_cpp\n'}
[1.113900] (telemetry_bridge) StdoutLine: {'line': b'Scanning dependencies of target telemetry_bridge__rosidl_typesupport_introspection_cpp\n'}
[1.122213] (telemetry_bridge) StdoutLine: {'line': b'[ 36%] Building CXX object CMakeFiles/telemetry_bridge__rosidl_typesupport_cpp.dir/rosidl_typesupport_cpp/telemetry_bridge/msg/telemetry_state__type_support.cpp.o\n'}
[1.122370] (telemetry_bridge) StdoutLine: {'line': b'[ 36%] Building CXX object CMakeFiles/telemetry_bridge__rosidl_typesupport_cpp.dir/rosidl_typesupport_cpp/telemetry_bridge/msg/latency_stats__type_support.cpp.o\n'}
[1.122418] (telemetry_bridge) StdoutLine: {'line': b'[ 36%] Building CXX object CMakeFiles/telemetry_bridge__rosidl_typesupport_introspection_cpp.dir/rosidl_typesupport_introspection_cpp/telemetry_bridge/msg/detail/latency_stats__type_support.cpp.o\n'}
[1.122473] (telemetry_bridge) StdoutLine: {'line': b'[ 36%] Building CXX object CMakeFiles/telemetry_bridge__rosidl_typesupport_introspection_cpp.dir/rosidl_typesupport_introspection_cpp/telemetry_bridge/msg/detail/telemetry_state__type_support.cpp.o\n'}
[1.129028] (telemetry_bridge) StdoutLine: {'line': b'Scanning dependencies of target telemetry_bridge__rosidl_typesupport_fastrtps_cpp\n'}
[1.139084] (telemetry_bridge) StdoutLine: {'line': b'[ 38%] Building CXX object CMakeFiles/telemetry_bridge__rosidl_typesupport_fastrtps_cpp.dir/rosidl_typesupport_fastrtps_cpp/telemetry_bridge/msg/detail/dds_fastrtps/telemetry_state__type_support.cpp.o\n'}
[1.139852] (telemetry_bridge) StdoutLine: {'line': b'[ 40%] Building CXX object CMakeFiles/telemetry_bridge__rosidl_typesupport_fastrtps_cpp.dir/rosidl_typesupport_fastrtps_cpp/telemetry_bridge/msg/detail/dds_fastrtps/latency_stats__type_support.cpp.o\n'}
[1.200776] (-) TimerEvent: {}
[1.290940] (telemetry_bridge) StdoutLine: {'line': b'Scanning dependencies of target telemetry_bridge__rosidl_typesupport_introspection_c\n'}
[1.300890] (-) TimerEvent: {}
[1.301117] (telemetry_bridge) StdoutLine: {'line': b'[ 44%] Building C object CMakeFiles/telemetry_bridge__rosidl_typesupport_introspection_c.dir/rosidl_typesupport_introspection_c/telemetry_bridge/msg/detail/latency_stats__type_support.c.o\n'}
[1.301264] (telemetry_bridge) StdoutLine: {'line': b'[ 44%] Building C object CMakeFiles/telemetry_bridge__rosidl_typesupport_introspection_c.dir/rosidl_typesupport_introspection_c/telemetry_bridge/msg/detail/telemetry_state__type_support.c.o\n'}
[1.303191] (telemetry_bridge) StdoutLine: {'line': b'Scanning dependencies of target telemetry_bridge__rosidl_typesupport_c\n'}
[1.308960] (telemetry_bridge) StdoutLine: {'line': b'[ 46%] Linking CXX shared library libtelemetry_bridge__rosidl_typesupport_cpp.so\n'}
[1.309528] (telemetry_bridge) StdoutLine: {'line': b'[ 48%] Linking CXX shared library libtelemetry_bridge__rosidl_typesupport_introspection_cpp.so\n'}
[1.311774] (telemetry_bridge) StdoutLine: {'line': b'[ 50%] Building CXX object CMakeFiles/telemetry_bridge__rosidl_typesupport_c.dir/rosidl_typesupport_c/telemetry_bridge/msg/latency_stats__type_support.cpp.o\n'}
[1.312030] (telemetry_bridge) StdoutLine: {'line': b'[ 51%] Building CXX object CMakeFiles/telemetry_bridge__rosidl_typesupport_c.dir/rosidl_typesupport_c/telemetry_bridge/msg/telemetry_state__type_support.cpp.o\n'}
[1.330826] (telemetry_bridge) StdoutLine: {'line': b'[ 53%] Linking C shared library libtelemetry_bridge__rosidl_typesupport_introspection_c.so\n'}
[1.336346] (telemetry_bridge) StdoutLine: {'line': b'[ 55%] Linking CXX shared library libtelemetry_bridge__rosidl_typesupport_c.so\n'}
[1.342998] (telemetry_bridge) StdoutLine: {'line': b'[ 55%] Built target telemetry_bridge__rosidl_typesupport_cpp\n'}
[1.353961] (telemetry_bridge) StdoutLine: {'line': b'[ 55%] Built target telemetry_bridge__rosidl_typesupport_introspection_cpp\n'}
[1.355694] (telemetry_bridge) StdoutLine: {'line': b'[ 55%] Built target telemetry_bridge__rosidl_typesupport_introspection_c\n'}
[1.368790] (telemetry_bridge) StdoutLine: {'line': b'[ 55%] Built target telemetry_bridge__rosidl_typesupport_c\n'}
[1.393606] (telemetry_bridge) StdoutLine: {'line': b'[ 57%] Linking CXX shared library libtelemetry_bridge__rosidl_typesupport_fastrtps_cpp.so\n'}
[1.400944] (-) TimerEvent: {}
[1.457115] (telemetry_bridge) StdoutLine: {'line': b'[ 57%] Built target telemetry_bridge__rosidl_typesupport_fastrtps_cpp\n'}
[1.465902] (telemetry_bridge) StdoutLine: {'line': b'[ 59%] Generating C type support for eProsima Fast-RTPS\n'}
[1.501029] (-) TimerEvent: {}
[1.576991] (telemetry_bridge) StdoutLine: {'line': b'[ 61%] Linking CXX executable latency_test\n'}
[1.601121] (-) TimerEvent: {}
[1.644169] (telemetry_bridge) StdoutLine: {'line': b'Scanning dependencies of target telemetry_bridge__rosidl_typesupport_fastrtps_c\n'}
[1.653225] (telemetry_bridge) StdoutLine: {'line': b'[ 65%] Building CXX object CMakeFiles/telemetry_bridge__rosidl_typesupport_fastrtps_c.dir/rosidl_typesupport_fastrtps_c/telemetry_bridge/msg/detail/telemetry_state__type_support_c.cpp.o\n'}
[1.653345] (telemetry_bridge) StdoutLine: {'line': b'[ 65%] Building CXX object CMakeFiles/telemetry_bridge__rosidl_typesupport_fastrtps_c.dir/rosidl_typesupport_fastrtps_c/telemetry_bridge/msg/detail/latency_stats__type_support_c.cpp.o\n'}
[1.666922] (telemetry_bridge) StdoutLine: {'line': b'[ 65%] Built target latency_test\n'}
[1.701218] (-) TimerEvent: {}
[1.801381] (-) TimerEvent: {}
[1.836720] (telemetry_bridge) StdoutLine: {'line': b'[ 67%] Linking CXX shared library libtelemetry_bridge__rosidl_typesupport_fastrtps_c.so\n'}
[1.893824] (telemetry_bridge) StdoutLine: {'line': b'[ 67%] Built target telemetry_bridge__rosidl_typesupport_fastrtps_c\n'}
[1.901436] (-) TimerEvent: {}
[1.907838] (telemetry_bridge) StdoutLine: {'line': b'[ 67%] Built target telemetry_bridge\n'}
[1.922113] (telemetry_bridge) StdoutLine: {'line': b'[ 69%] Generating Python code for ROS interfaces\n'}
[1.937328] (telemetry_bridge) StdoutLine: {'line': b'Scanning dependencies of target telemetry_bridge_nodes\n'}
[1.949359] (telemetry_bridge) StdoutLine: {'line': b'[ 73%] Building CXX object CMakeFiles/telemetry_bridge_nodes.dir/workspace/src/StateMonitorNode.cpp.o\n'}
[1.949491] (telemetry_bridge) StdoutLine: {'line': b'[ 73%] Building CXX object CMakeFiles/telemetry_bridge_nodes.dir/workspace/src/UdpBridgeNode.cpp.o\n'}
[2.001529] (-) TimerEvent: {}
[2.101673] (-) TimerEvent: {}
[2.201769] (-) TimerEvent: {}
[2.284382] (telemetry_bridge) StdoutLine: {'line': b'[ 73%] Built target telemetry_bridge__py\n'}
[2.299492] (telemetry_bridge) StdoutLine: {'line': b'Scanning dependencies of target telemetry_bridge__python\n'}
[2.301828] (-) TimerEvent: {}
[2.308565] (telemetry_bridge) StdoutLine: {'line': b'[ 76%] Building C object CMakeFiles/telemetry_bridge__python.dir/rosidl_generator_py/telemetry_bridge/msg/_latency_stats_s.c.o\n'}
[2.308689] (telemetry_bridge) StdoutLine: {'line': b'[ 76%] Building C object CMakeFiles/telemetry_bridge__python.dir/rosidl_generator_py/telemetry_bridge/msg/_telemetry_state_s.c.o\n'}
[2.374953] (telemetry_bridge) StdoutLine: {'line': b'[ 78%] Linking C shared library rosidl_generator_py/telemetry_bridge/libtelemetry_bridge__python.so\n'}
[2.401930] (-) TimerEvent: {}
[2.407493] (telemetry_bridge) StdoutLine: {'line': b'[ 78%] Built target telemetry_bridge__python\n'}
[2.419120] (telemetry_bridge) StdoutLine: {'line': b'Scanning dependencies of target telemetry_bridge__rosidl_typesupport_c__pyext\n'}
[2.419268] (telemetry_bridge) StdoutLine: {'line': b'Scanning dependencies of target telemetry_bridge__rosidl_typesupport_introspection_c__pyext\n'}
[2.419914] (telemetry_bridge) StdoutLine: {'line': b'Scanning dependencies of target telemetry_bridge__rosidl_typesupport_fastrtps_c__pyext\n'}
[2.428361] (telemetry_bridge) StdoutLine: {'line': b'[ 84%] Building C object CMakeFiles/telemetry_bridge__rosidl_typesupport_c__pyext.dir/rosidl_generator_py/telemetry_bridge/_telemetry_bridge_s.ep.rosidl_typesupport_c.c.o\n'}
[2.428467] (telemetry_bridge) StdoutLine: {'line': b'[ 84%] Building C object CMakeFiles/telemetry_bridge__rosidl_typesupport_introspection_c__pyext.dir/rosidl_generator_py/telemetry_bridge/_telemetry_bridge_s.ep.rosidl_typesupport_introspection_c.c.o\n'}
[2.428506] (telemetry_bridge) StdoutLine: {'line': b'[ 84%] Building C object CMakeFiles/telemetry_bridge__rosidl_typesupport_fastrtps_c__pyext.dir/rosidl_generator_py/telemetry_bridge/_telemetry_bridge_s.ep.rosidl_typesupport_fastrtps_c.c.o\n'}
[2.481358] (telemetry_bridge) StdoutLine: {'line': b'[ 90%] Linking CXX shared library rosidl_generator_py/telemetry_bridge/telemetry_bridge_s__rosidl_typesupport_fastrtps_c.cpython-38-x86_64-linux-gnu.so\n'}
[2.481485] (telemetry_bridge) StdoutLine: {'line': b'[ 90%] Linking C shared library rosidl_generator_py/telemetry_bridge/telemetry_bridge_s__rosidl_typesupport_c.cpython-38-x86_64-linux-gnu.so\n'}
[2.481525] (telemetry_bridge) StdoutLine: {'line': b'[ 90%] Linking C shared library rosidl_generator_py/telemetry_bridge/telemetry_bridge_s__rosidl_typesupport_introspection_c.cpython-38-x86_64-linux-gnu.so\n'}
[2.502030] (-) TimerEvent: {}
[2.508520] (telemetry_bridge) StdoutLine: {'line': b'[ 90%] Built target telemetry_bridge__rosidl_typesupport_c__pyext\n'}
[2.508645] (telemetry_bridge) StdoutLine: {'line': b'[ 90%] Built target telemetry_bridge__rosidl_typesupport_introspection_c__pyext\n'}
[2.527625] (telemetry_bridge) StdoutLine: {'line': b'[ 90%] Built target telemetry_bridge__rosidl_typesupport_fastrtps_c__pyext\n'}
[2.602121] (-) TimerEvent: {}
[2.702283] (-) TimerEvent: {}
[2.712751] (telemetry_bridge) StderrLine: {'line': b'/workspace/src/UdpBridgeNode.cpp: In constructor \xe2\x80\x98telemetry_bridge::UdpBridgeNode::UdpBridgeNode()\xe2\x80\x99:\n'}
[2.712949] (telemetry_bridge) StderrLine: {'line': b'/workspace/src/UdpBridgeNode.cpp:49:5: error: \xe2\x80\x98state_sub_\xe2\x80\x99 was not declared in this scope\n'}
[2.713018] (telemetry_bridge) StderrLine: {'line': b'   49 |     state_sub_ = this->create_subscription<telemetry_bridge::msg::TelemetryState>(\n'}
[2.713078] (telemetry_bridge) StderrLine: {'line': b'      |     ^~~~~~~~~~\n'}
[2.713132] (telemetry_bridge) StderrLine: {'line': b'/workspace/src/UdpBridgeNode.cpp:52:20: error: \xe2\x80\x98StateMonitorNode\xe2\x80\x99 has not been declared\n'}
[2.713181] (telemetry_bridge) StderrLine: {'line': b'   52 |         std::bind(&StateMonitorNode::handle_state, this, std::placeholders::_1));\n'}
[2.713232] (telemetry_bridge) StderrLine: {'line': b'      |                    ^~~~~~~~~~~~~~~~\n'}
[2.802380] (-) TimerEvent: {}
[2.902549] (-) TimerEvent: {}
[3.002708] (-) TimerEvent: {}
[3.102897] (-) TimerEvent: {}
[3.203071] (-) TimerEvent: {}
[3.303236] (-) TimerEvent: {}
[3.403402] (-) TimerEvent: {}
[3.503574] (-) TimerEvent: {}
[3.518048] (telemetry_bridge) StderrLine: {'line': b'make[2]: *** [CMakeFiles/telemetry_bridge_nodes.dir/build.make:76: CMakeFiles/telemetry_bridge_nodes.dir/workspace/src/UdpBridgeNode.cpp.o] Error 1\n'}
[3.518202] (telemetry_bridge) StderrLine: {'line': b'make[2]: *** Waiting for unfinished jobs....\n'}
[3.603653] (-) TimerEvent: {}
[3.703802] (-) TimerEvent: {}
[3.803981] (-) TimerEvent: {}
[3.904149] (-) TimerEvent: {}
[4.004316] (-) TimerEvent: {}
[4.104483] (-) TimerEvent: {}
[4.204645] (-) TimerEvent: {}
[4.304802] (-) TimerEvent: {}
[4.404977] (-) TimerEvent: {}
[4.505139] (-) TimerEvent: {}
[4.605309] (-) TimerEvent: {}
[4.662254] (telemetry_bridge) StderrLine: {'line': b'make[1]: *** [CMakeFiles/Makefile2:303: CMakeFiles/telemetry_bridge_nodes.dir/all] Error 2\n'}
[4.662441] (telemetry_bridge) StderrLine: {'line': b'make: *** [Makefile:141: all] Error 2\n'}
[4.663814] (telemetry_bridge) CommandEnded: {'returncode': 2}
[4.705422] (-) TimerEvent: {}
[4.733615] (telemetry_bridge) JobEnded: {'identifier': 'telemetry_bridge', 'rc': 2}
[4.743954] (-) EventReactorShutdown: {}
