[0.000000] (-) TimerEvent: {}
[0.000083] (-) JobUnselected: {'identifier': 'sim_clock'}
[0.000155] (-) JobUnselected: {'identifier': 'spacecraft_tf'}
[0.000275] (-) JobUnselected: {'identifier': 'thruster_control'}
[0.000339] (telemetry_bridge) JobQueued: {'identifier': 'telemetry_bridge', 'dependencies': OrderedDict()}
[0.000426] (telemetry_bridge) JobStarted: {'identifier': 'telemetry_bridge'}
[0.008998] (telemetry_bridge) JobProgress: {'identifier': 'telemetry_bridge', 'progress': 'cmake'}
[0.009501] (telemetry_bridge) JobProgress: {'identifier': 'telemetry_bridge', 'progress': 'build'}
[0.009896] (telemetry_bridge) Command: {'cmd': ['/usr/bin/cmake', '--build', '/workspace/build/telemetry_bridge', '--', '-j16', '-l16'], 'cwd': '/workspace/build/telemetry_bridge', 'env': OrderedDict([('HOSTNAME', 'd0e278579866'), ('SHLVL', '1'), ('LD_LIBRARY_PATH', '/opt/ros/foxy/opt/yaml_cpp_vendor/lib:/opt/ros/foxy/lib/x86_64-linux-gnu:/opt/ros/foxy/lib'), ('HOME', '/root'), ('OLDPWD', '/workspace'), ('ROS_PYTHON_VERSION', '3'), ('ROS_DISTRO', 'foxy'), ('_', '/usr/bin/colcon'), ('ROS_VERSION', '2'), ('ROS_LOCALHOST_ONLY', '0'), ('PATH', '/opt/ros/foxy/bin:/usr/local/sbin:/usr/local/bin:/usr/sbin:/usr/bin:/sbin:/bin'), ('DOCKER_TEST_RUN', '1'), ('LANG', 'C.UTF-8'), ('AMENT_PREFIX_PATH', '/opt/ros/foxy'), ('PWD', '/workspace/build/telemetry_bridge'), ('LC_ALL', 'C.UTF-8'), ('BUILD_TESTING', 'ON'), ('PYTHONPATH', '/opt/ros/foxy/lib/python3.8/site-packages'), ('COLCON', '1'), ('CMAKE_PREFIX_PATH', '/opt/ros/foxy')]), 'shell': False}
[0.035694] (telemetry_bridge) StdoutLine: {'line': b'-- Found ament_cmake: 0.9.12 (/opt/ros/foxy/share/ament_cmake/cmake)\n'}
[0.045894] (telemetry_bridge) StdoutLine: {'line': b'-- Found PythonInterp: /usr/bin/python3 (found suitable version "3.8.10", minimum required is "3") \n'}
[0.046006] (telemetry_bridge) StdoutLine: {'line': b'-- Using PYTHON_EXECUTABLE: /usr/bin/python3\n'}
[0.099870] (-) TimerEvent: {}
[0.120300] (telemetry_bridge) StdoutLine: {'line': b'-- Found rclcpp: 2.4.3 (/opt/ros/foxy/share/rclcpp/cmake)\n'}
[0.137901] (telemetry_bridge) StdoutLine: {'line': b'-- Using all available rosidl_typesupport_c: rosidl_typesupport_fastrtps_c;rosidl_typesupport_introspection_c\n'}
[0.139766] (telemetry_bridge) StdoutLine: {'line': b'-- Found rosidl_adapter: 1.3.1 (/opt/ros/foxy/share/rosidl_adapter/cmake)\n'}
[0.191256] (telemetry_bridge) StdoutLine: {'line': b'-- Using all available rosidl_typesupport_cpp: rosidl_typesupport_fastrtps_cpp;rosidl_typesupport_introspection_cpp\n'}
[0.199923] (-) TimerEvent: {}
[0.217095] (telemetry_bridge) StdoutLine: {'line': b'-- Found rmw_implementation_cmake: 1.0.4 (/opt/ros/foxy/share/rmw_implementation_cmake/cmake)\n'}
[0.217755] (telemetry_bridge) StdoutLine: {'line': b"-- Using RMW implementation 'rmw_fastrtps_cpp' as default\n"}
[0.288332] (telemetry_bridge) StdoutLine: {'line': b'-- Found geometry_msgs: 2.0.5 (/opt/ros/foxy/share/geometry_msgs/cmake)\n'}
[0.299990] (-) TimerEvent: {}
[0.304631] (telemetry_bridge) StdoutLine: {'line': b'-- Found rosidl_default_generators: 1.0.1 (/opt/ros/foxy/share/rosidl_default_generators/cmake)\n'}
[0.309283] (telemetry_bridge) StdoutLine: {'line': b'-- Found ament_cmake_gtest: 0.9.12 (/opt/ros/foxy/share/ament_cmake_gtest/cmake)\n'}
[0.319192] (telemetry_bridge) StdoutLine: {'line': b'-- Found PythonInterp: /usr/bin/python3 (found version "3.8.10") \n'}
[0.400079] (-) TimerEvent: {}
[0.410633] (telemetry_bridge) StdoutLine: {'line': b'-- Found ament_cmake_ros: 0.9.2 (/opt/ros/foxy/share/ament_cmake_ros/cmake)\n'}
[0.500166] (-) TimerEvent: {}
[0.518727] (telemetry_bridge) StdoutLine: {'line': b'-- Using all available rosidl_typesupport_c: rosidl_typesupport_fastrtps_c;rosidl_typesupport_introspection_c\n'}
[0.573222] (telemetry_bridge) StdoutLine: {'line': b'-- Using all available rosidl_typesupport_cpp: rosidl_typesupport_fastrtps_cpp;rosidl_typesupport_introspection_cpp\n'}
[0.584482] (telemetry_bridge) StdoutLine: {'line': b'-- Found PythonInterp: /usr/bin/python3 (found suitable version "3.8.10", minimum required is "3.5") \n'}
[0.584633] (telemetry_bridge) StdoutLine: {'line': b'-- Found python_cmake_module: 0.8.1 (/opt/ros/foxy/share/python_cmake_module/cmake)\n'}
[0.593956] (telemetry_bridge) StdoutLine: {'line': b'-- Using PYTHON_EXECUTABLE: /usr/bin/python3\n'}
[0.594024] (telemetry_bridge) StdoutLine: {'line': b'-- Using PYTHON_INCLUDE_DIRS: /usr/include/python3.8\n'}
[0.594069] (telemetry_bridge) StdoutLine: {'line': b'-- Using PYTHON_LIBRARIES: /usr/lib/x86_64-linux-gnu/libpython3.8.so\n'}
[0.600219] (-) TimerEvent: {}
[0.622252] (telemetry_bridge) StdoutLine: {'line': b"-- Found gtest sources under '/opt/ros/foxy/src/gtest_vendor': C++ tests using 'Google Test' will be built\n"}
[0.631272] (telemetry_bridge) StdoutLine: {'line': b'-- Configuring done\n'}
[0.679344] (telemetry_bridge) StdoutLine: {'line': b'-- Generating done\n'}
[0.681882] (telemetry_bridge) StdoutLine: {'line': b'-- Build files have been written to: /workspace/build/telemetry_bridge\n'}
[0.700314] (-) TimerEvent: {}
[0.708182] (telemetry_bridge) StdoutLine: {'line': b'[  9%] Built target telemetry_bridge__cpp\n'}
[0.708306] (telemetry_bridge) StdoutLine: {'line': b'[  9%] Built target gtest\n'}
[0.708344] (telemetry_bridge) StdoutLine: {'line': b'[  9%] Built target gtest_main\n'}
[0.709485] (telemetry_bridge) StdoutLine: {'line': b'[ 11%] Linking C shared library libtelemetry_bridge__rosidl_generator_c.so\n'}
[0.722442] (telemetry_bridge) StdoutLine: {'line': b'[ 15%] Built target latency_test\n'}
[0.724194] (telemetry_bridge) StdoutLine: {'line': b'[ 19%] Linking CXX shared library libtelemetry_bridge__rosidl_typesupport_cpp.so\n'}
[0.724244] (telemetry_bridge) StdoutLine: {'line': b'[ 19%] Linking CXX shared library libtelemetry_bridge__rosidl_typesupport_introspection_cpp.so\n'}
[0.724631] (telemetry_bridge) StdoutLine: {'line': b'[ 21%] Linking CXX shared library libtelemetry_bridge__rosidl_typesupport_fastrtps_cpp.so\n'}
[0.738353] (telemetry_bridge) StdoutLine: {'line': b'[ 26%] Built target telemetry_bridge__rosidl_generator_c\n'}
[0.754330] (telemetry_bridge) StdoutLine: {'line': b'[ 32%] Built target telemetry_bridge__rosidl_typesupport_cpp\n'}
[0.755574] (telemetry_bridge) StdoutLine: {'line': b'[ 36%] Linking C shared library libtelemetry_bridge__rosidl_typesupport_introspection_c.so\n'}
[0.755618] (telemetry_bridge) StdoutLine: {'line': b'[ 36%] Linking CXX shared library libtelemetry_bridge__rosidl_typesupport_c.so\n'}
[0.766832] (telemetry_bridge) StdoutLine: {'line': b'[ 42%] Built target telemetry_bridge__rosidl_typesupport_introspection_cpp\n'}
[0.781689] (telemetry_bridge) StdoutLine: {'line': b'[ 48%] Built target telemetry_bridge__rosidl_typesupport_introspection_c\n'}
[0.785238] (telemetry_bridge) StdoutLine: {'line': b'[ 53%] Built target telemetry_bridge__rosidl_typesupport_fastrtps_cpp\n'}
[0.786243] (telemetry_bridge) StdoutLine: {'line': b'[ 59%] Built target telemetry_bridge__rosidl_typesupport_c\n'}
[0.793470] (telemetry_bridge) StdoutLine: {'line': b'Scanning dependencies of target telemetry_bridge__rosidl_typesupport_fastrtps_c\n'}
[0.800368] (-) TimerEvent: {}
[0.801828] (telemetry_bridge) StdoutLine: {'line': b'[ 63%] Building CXX object CMakeFiles/telemetry_bridge__rosidl_typesupport_fastrtps_c.dir/rosidl_typesupport_fastrtps_c/telemetry_bridge/msg/detail/telemetry_state__type_support_c.cpp.o\n'}
[0.801912] (telemetry_bridge) StdoutLine: {'line': b'[ 63%] Building CXX object CMakeFiles/telemetry_bridge__rosidl_typesupport_fastrtps_c.dir/rosidl_typesupport_fastrtps_c/telemetry_bridge/msg/detail/latency_stats__type_support_c.cpp.o\n'}
[0.900468] (-) TimerEvent: {}
[0.986500] (telemetry_bridge) StdoutLine: {'line': b'[ 65%] Linking CXX shared library libtelemetry_bridge__rosidl_typesupport_fastrtps_c.so\n'}
[1.000545] (-) TimerEvent: {}
[1.049230] (telemetry_bridge) StdoutLine: {'line': b'[ 67%] Built target telemetry_bridge__rosidl_typesupport_fastrtps_c\n'}
[1.066890] (telemetry_bridge) StdoutLine: {'line': b'[ 67%] Built target telemetry_bridge\n'}
[1.082125] (telemetry_bridge) StdoutLine: {'line': b'[ 69%] Built target telemetry_bridge__py\n'}
[1.088375] (telemetry_bridge) StdoutLine: {'line': b'[ 71%] Linking CXX shared library libtelemetry_bridge_nodes.so\n'}
[1.098690] (telemetry_bridge) StdoutLine: {'line': b'[ 73%] Linking C shared library rosidl_generator_py/telemetry_bridge/libtelemetry_bridge__python.so\n'}
[1.100601] (-) TimerEvent: {}
[1.132250] (telemetry_bridge) StdoutLine: {'line': b'[ 76%] Built target telemetry_bridge__python\n'}
[1.141173] (telemetry_bridge) StdoutLine: {'line': b'Scanning dependencies of target telemetry_bridge__rosidl_typesupport_fastrtps_c__pyext\n'}
[1.149662] (telemetry_bridge) StdoutLine: {'line': b'[ 82%] Linking C shared library rosidl_generator_py/telemetry_bridge/telemetry_bridge_s__rosidl_typesupport_introspection_c.cpython-38-x86_64-linux-gnu.so\n'}
[1.149790] (telemetry_bridge) StdoutLine: {'line': b'[ 82%] Linking C shared library rosidl_generator_py/telemetry_bridge/telemetry_bridge_s__rosidl_typesupport_c.cpython-38-x86_64-linux-gnu.so\n'}
[1.149840] (telemetry_bridge) StdoutLine: {'line': b'[ 82%] Building C object CMakeFiles/telemetry_bridge__rosidl_typesupport_fastrtps_c__pyext.dir/rosidl_generator_py/telemetry_bridge/_telemetry_bridge_s.ep.rosidl_typesupport_fastrtps_c.c.o\n'}
[1.179389] (telemetry_bridge) StdoutLine: {'line': b'[ 86%] Built target telemetry_bridge__rosidl_typesupport_c__pyext\n'}
[1.179548] (telemetry_bridge) StdoutLine: {'line': b'[ 86%] Built target telemetry_bridge__rosidl_typesupport_introspection_c__pyext\n'}
[1.200710] (-) TimerEvent: {}
[1.206029] (telemetry_bridge) StdoutLine: {'line': b'[ 88%] Linking CXX shared library rosidl_generator_py/telemetry_bridge/telemetry_bridge_s__rosidl_typesupport_fastrtps_c.cpython-38-x86_64-linux-gnu.so\n'}
[1.256489] (telemetry_bridge) StdoutLine: {'line': b'[ 88%] Built target telemetry_bridge__rosidl_typesupport_fastrtps_c__pyext\n'}
[1.300802] (-) TimerEvent: {}
[1.317548] (telemetry_bridge) StdoutLine: {'line': b'[ 92%] Built target telemetry_bridge_nodes\n'}
[1.337781] (telemetry_bridge) StdoutLine: {'line': b'[ 94%] Linking CXX executable monitor_test\n'}
[1.337907] (telemetry_bridge) StdoutLine: {'line': b'[ 96%] Linking CXX executable udp_bridge\n'}
[1.400920] (-) TimerEvent: {}
[1.436371] (telemetry_bridge) StdoutLine: {'line': b'[ 98%] Built target udp_bridge\n'}
[1.474177] (telemetry_bridge) StdoutLine: {'line': b'[100%] Built target monitor_test\n'}
[1.482488] (telemetry_bridge) CommandEnded: {'returncode': 0}
[1.501005] (-) TimerEvent: {}
[1.535938] (telemetry_bridge) JobProgress: {'identifier': 'telemetry_bridge', 'progress': 'install'}
[1.544467] (telemetry_bridge) Command: {'cmd': ['/usr/bin/cmake', '--install', '/workspace/build/telemetry_bridge'], 'cwd': '/workspace/build/telemetry_bridge', 'env': OrderedDict([('HOSTNAME', 'd0e278579866'), ('SHLVL', '1'), ('LD_LIBRARY_PATH', '/opt/ros/foxy/opt/yaml_cpp_vendor/lib:/opt/ros/foxy/lib/x86_64-linux-gnu:/opt/ros/foxy/lib'), ('HOME', '/root'), ('OLDPWD', '/workspace'), ('ROS_PYTHON_VERSION', '3'), ('ROS_DISTRO', 'foxy'), ('_', '/usr/bin/colcon'), ('ROS_VERSION', '2'), ('ROS_LOCALHOST_ONLY', '0'), ('PATH', '/opt/ros/foxy/bin:/usr/local/sbin:/usr/local/bin:/usr/sbin:/usr/bin:/sbin:/bin'), ('DOCKER_TEST_RUN', '1'), ('LANG', 'C.UTF-8'), ('AMENT_PREFIX_PATH', '/opt/ros/foxy'), ('PWD', '/workspace/build/telemetry_bridge'), ('LC_ALL', 'C.UTF-8'), ('BUILD_TESTING', 'ON'), ('PYTHONPATH', '/opt/ros/foxy/lib/python3.8/site-packages'), ('COLCON', '1'), ('CMAKE_PREFIX_PATH', '/opt/ros/foxy')]), 'shell': False}
[1.551375] (telemetry_bridge) StdoutLine: {'line': b'-- Install configuration: ""\n'}
[1.551532] (telemetry_bridge) StdoutLine: {'line': b'-- Up-to-date: /workspace/install/telemetry_bridge/share/ament_index/resource_index/rosidl_interfaces/telemetry_bridge\n'}
[1.551694] (telemetry_bridge) StdoutLine: {'line': b'-- Up-to-date: /workspace/install/telemetry_bridge/include/telemetry_bridge\n'}
[1.551767] (telemetry_bridge) StdoutLine: {'line': b'-- Up-to-date: /workspace/install/telemetry_bridge/include/telemetry_bridge/msg\n'}
[1.551827] (telemetry_bridge) StdoutLine: {'line': b'-- Up-to-date: /workspace/install/telemetry_bridge/include/telemetry_bridge/msg/rosidl_generator_c__visibility_control.h\n'}
[1.551878] (telemetry_bridge) StdoutLine: {'line': b'-- Up-to-date: /workspace/install/telemetry_bridge/include/telemetry_bridge/msg/telemetry_state.h\n'}
[1.551905] (telemetry_bridge) StdoutLine: {'line': b'-- Up-to-date: /workspace/install/telemetry_bridge/include/telemetry_bridge/msg/detail\n'}
[1.551933] (telemetry_bridge) StdoutLine: {'line': b'-- Up-to-date: /workspace/install/telemetry_bridge/include/telemetry_bridge/msg/detail/latency_stats__type_support.h\n'}
[1.551959] (telemetry_bridge) StdoutLine: {'line': b'-- Up-to-date: /workspace/install/telemetry_bridge/include/telemetry_bridge/msg/detail/telemetry_state__functions.c\n'}
[1.551984] (telemetry_bridge) StdoutLine: {'line': b'-- Up-to-date: /workspace/install/telemetry_bridge/include/telemetry_bridge/msg/detail/latency_stats__struct.h\n'}
[1.552011] (telemetry_bridge) StdoutLine: {'line': b'-- Up-to-date: /workspace/install/telemetry_bridge/include/telemetry_bridge/msg/detail/telemetry_state__struct.h\n'}
[1.552039] (telemetry_bridge) StdoutLine: {'line': b'-- Up-to-date: /workspace/install/telemetry_bridge/include/telemetry_bridge/msg/detail/telemetry_state__functions.h\n'}
[1.552065] (telemetry_bridge) StdoutLine: {'line': b'-- Up-to-date: /workspace/install/telemetry_bridge/include/telemetry_bridge/msg/detail/latency_stats__functions.h\n'}
[1.552092] (telemetry_bridge) StdoutLine: {'line': b'-- Up-to-date: /workspace/install/telemetry_bridge/include/telemetry_bridge/msg/detail/telemetry_state__type_support.h\n'}
[1.552119] (telemetry_bridge) StdoutLine: {'line': b'-- Up-to-date: /workspace/install/telemetry_bridge/include/telemetry_bridge/msg/detail/latency_stats__functions.c\n'}
[1.552168] (telemetry_bridge) StdoutLine: {'line': b'-- Up-to-date: /workspace/install/telemetry_bridge/include/telemetry_bridge/msg/latency_stats.h\n'}
[1.552195] (telemetry_bridge) StdoutLine: {'line': b'-- Up-to-date: /workspace/install/telemetry_bridge/share/telemetry_bridge/environment/library_path.sh\n'}
[1.552222] (telemetry_bridge) StdoutLine: {'line': b'-- Installing: /workspace/install/telemetry_bridge/share/telemetry_bridge/environment/library_path.dsv\n'}
[1.552249] (telemetry_bridge) StdoutLine: {'line': b'-- Installing: /workspace/install/telemetry_bridge/lib/libtelemetry_bridge__rosidl_generator_c.so\n'}
[1.552494] (telemetry_bridge) StdoutLine: {'line': b'-- Set runtime path of "/workspace/install/telemetry_bridge/lib/libtelemetry_bridge__rosidl_generator_c.so" to ""\n'}
[1.552548] (telemetry_bridge) StdoutLine: {'line': b'-- Up-to-date: /workspace/install/telemetry_bridge/include/telemetry_bridge\n'}
[1.552615] (telemetry_bridge) StdoutLine: {'line': b'-- Up-to-date: /workspace/install/telemetry_bridge/include/telemetry_bridge/msg\n'}
[1.552681] (telemetry_bridge) StdoutLine: {'line': b'-- Up-to-date: /workspace/install/telemetry_bridge/include/telemetry_bridge/msg/detail\n'}
[1.552721] (telemetry_bridge) StdoutLine: {'line': b'-- Up-to-date: /workspace/install/telemetry_bridge/include/telemetry_bridge/msg/detail/latency_stats__rosidl_typesupport_fastrtps_c.h\n'}
[1.552749] (telemetry_bridge) StdoutLine: {'line': b'-- Up-to-date: /workspace/install/telemetry_bridge/include/telemetry_bridge/msg/detail/telemetry_state__rosidl_typesupport_fastrtps_c.h\n'}
[1.552775] (telemetry_bridge) StdoutLine: {'line': b'-- Up-to-date: /workspace/install/telemetry_bridge/include/telemetry_bridge/msg/rosidl_typesupport_fastrtps_c__visibility_control.h\n'}
[1.552870] (telemetry_bridge) StdoutLine: {'line': b'-- Installing: /workspace/install/telemetry_bridge/lib/libtelemetry_bridge__rosidl_typesupport_fastrtps_c.so\n'}
[1.553234] (telemetry_bridge) StdoutLine: {'line': b'-- Set runtime path of "/workspace/install/telemetry_bridge/lib/libtelemetry_bridge__rosidl_typesupport_fastrtps_c.so" to ""\n'}
[1.553281] (telemetry_bridge) StdoutLine: {'line': b'-- Up-to-date: /workspace/install/telemetry_bridge/include/telemetry_bridge\n'}
[1.553338] (telemetry_bridge) StdoutLine: {'line': b'-- Up-to-date: /workspace/install/telemetry_bridge/include/telemetry_bridge/msg\n'}
[1.553407] (telemetry_bridge) StdoutLine: {'line': b'-- Up-to-date: /workspace/install/telemetry_bridge/include/telemetry_bridge/msg/rosidl_typesupport_fastrtps_cpp__visibility_control.h\n'}
[1.553476] (telemetry_bridge) StdoutLine: {'line': b'-- Up-to-date: /workspace/install/telemetry_bridge/include/telemetry_bridge/msg/detail\n'}
[1.553507] (telemetry_bridge) StdoutLine: {'line': b'-- Up-to-date: /workspace/install/telemetry_bridge/include/telemetry_bridge/msg/detail/dds_fastrtps\n'}
[1.553534] (telemetry_bridge) StdoutLine: {'line': b'-- Up-to-date: /workspace/install/telemetry_bridge/include/telemetry_bridge/msg/detail/latency_stats__rosidl_typesupport_fastrtps_cpp.hpp\n'}
[1.553560] (telemetry_bridge) StdoutLine: {'line': b'-- Up-to-date: /workspace/install/telemetry_bridge/include/telemetry_bridge/msg/detail/telemetry_state__rosidl_typesupport_fastrtps_cpp.hpp\n'}
[1.553616] (telemetry_bridge) StdoutLine: {'line': b'-- Installing: /workspace/install/telemetry_bridge/lib/libtelemetry_bridge__rosidl_typesupport_fastrtps_cpp.so\n'}
[1.553979] (telemetry_bridge) StdoutLine: {'line': b'-- Set runtime path of "/workspace/install/telemetry_bridge/lib/libtelemetry_bridge__rosidl_typesupport_fastrtps_cpp.so" to ""\n'}
[1.554027] (telemetry_bridge) StdoutLine: {'line': b'-- Up-to-date: /workspace/install/telemetry_bridge/include/telemetry_bridge\n'}
[1.554079] (telemetry_bridge) StdoutLine: {'line': b'-- Up-to-date: /workspace/install/telemetry_bridge/include/telemetry_bridge/msg\n'}
[1.554113] (telemetry_bridge) StdoutLine: {'line': b'-- Up-to-date: /workspace/install/telemetry_bridge/include/telemetry_bridge/msg/detail\n'}
[1.554212] (telemetry_bridge) StdoutLine: {'line': b'-- Up-to-date: /workspace/install/telemetry_bridge/include/telemetry_bridge/msg/detail/telemetry_state__rosidl_typesupport_introspection_c.h\n'}
[1.554238] (telemetry_bridge) StdoutLine: {'line': b'-- Up-to-date: /workspace/install/telemetry_bridge/include/telemetry_bridge/msg/detail/telemetry_state__type_support.c\n'}
[1.554265] (telemetry_bridge) StdoutLine: {'line': b'-- Up-to-date: /workspace/install/telemetry_bridge/include/telemetry_bridge/msg/detail/latency_stats__rosidl_typesupport_introspection_c.h\n'}
[1.554291] (telemetry_bridge) StdoutLine: {'line': b'-- Up-to-date: /workspace/install/telemetry_bridge/include/telemetry_bridge/msg/detail/latency_stats__type_support.c\n'}
[1.554317] (telemetry_bridge) StdoutLine: {'line': b'-- Up-to-date: /workspace/install/telemetry_bridge/include/telemetry_bridge/msg/rosidl_typesupport_introspection_c__visibility_control.h\n'}
[1.554371] (telemetry_bridge) StdoutLine: {'line': b'-- Installing: /workspace/install/telemetry_bridge/lib/libtelemetry_bridge__rosidl_typesupport_introspection_c.so\n'}
[1.554704] (telemetry_bridge) StdoutLine: {'line': b'-- Set runtime path of "/workspace/install/telemetry_bridge/lib/libtelemetry_bridge__rosidl_typesupport_introspection_c.so" to ""\n'}
[1.554854] (telemetry_bridge) StdoutLine: {'line': b'-- Installing: /workspace/install/telemetry_bridge/lib/libtelemetry_bridge__rosidl_typesupport_c.so\n'}
[1.555164] (telemetry_bridge) StdoutLine: {'line': b'-- Set runtime path of "/workspace/install/telemetry_bridge/lib/libtelemetry_bridge__rosidl_typesupport_c.so" to ""\n'}
[1.555214] (telemetry_bridge) StdoutLine: {'line': b'-- Up-to-date: /workspace/install/telemetry_bridge/include/telemetry_bridge\n'}
[1.555267] (telemetry_bridge) StdoutLine: {'line': b'-- Up-to-date: /workspace/install/telemetry_bridge/include/telemetry_bridge/msg\n'}
[1.555372] (telemetry_bridge) StdoutLine: {'line': b'-- Up-to-date: /workspace/install/telemetry_bridge/include/telemetry_bridge/msg/detail\n'}
[1.555487] (telemetry_bridge) StdoutLine: {'line': b'-- Up-to-date: /workspace/install/telemetry_bridge/include/telemetry_bridge/msg/detail/telemetry_state__traits.hpp\n'}
[1.555587] (telemetry_bridge) StdoutLine: {'line': b'-- Up-to-date: /workspace/install/telemetry_bridge/include/telemetry_bridge/msg/detail/telemetry_state__builder.hpp\n'}
[1.555723] (telemetry_bridge) StdoutLine: {'line': b'-- Up-to-date: /workspace/install/telemetry_bridge/include/telemetry_bridge/msg/detail/latency_stats__struct.hpp\n'}
[1.555796] (telemetry_bridge) StdoutLine: {'line': b'-- Up-to-date: /workspace/install/telemetry_bridge/include/telemetry_bridge/msg/detail/telemetry_state__type_support.hpp\n'}
[1.555841] (telemetry_bridge) StdoutLine: {'line': b'-- Up-to-date: /workspace/install/telemetry_bridge/include/telemetry_bridge/msg/detail/telemetry_state__struct.hpp\n'}
[1.555877] (telemetry_bridge) StdoutLine: {'line': b'-- Up-to-date: /workspace/install/telemetry_bridge/include/telemetry_bridge/msg/detail/latency_stats__type_support.hpp\n'}
[1.555926] (telemetry_bridge) StdoutLine: {'line': b'-- Up-to-date: /workspace/install/telemetry_bridge/include/telemetry_bridge/msg/detail/latency_stats__traits.hpp\n'}
[1.555954] (telemetry_bridge) StdoutLine: {'line': b'-- Up-to-date: /workspace/install/telemetry_bridge/include/telemetry_bridge/msg/detail/latency_stats__builder.hpp\n'}
[1.555980] (telemetry_bridge) StdoutLine: {'line': b'-- Up-to-date: /workspace/install/telemetry_bridge/include/telemetry_bridge/msg/rosidl_generator_cpp__visibility_control.hpp\n'}
[1.556006] (telemetry_bridge) StdoutLine: {'line': b'-- Up-to-date: /workspace/install/telemetry_bridge/include/telemetry_bridge/msg/telemetry_state.hpp\n'}
[1.556032] (telemetry_bridge) StdoutLine: {'line': b'-- Up-to-date: /workspace/install/telemetry_bridge/include/telemetry_bridge/msg/latency_stats.hpp\n'}
[1.556059] (telemetry_bridge) StdoutLine: {'line': b'-- Up-to-date: /workspace/install/telemetry_bridge/include/telemetry_bridge\n'}
[1.556085] (telemetry_bridge) StdoutLine: {'line': b'-- Up-to-date: /workspace/install/telemetry_bridge/include/telemetry_bridge/msg\n'}
[1.556112] (telemetry_bridge) StdoutLine: {'line': b'-- Up-to-date: /workspace/install/telemetry_bridge/include/telemetry_bridge/msg/detail\n'}
[1.556138] (telemetry_bridge) StdoutLine: {'line': b'-- Up-to-date: /workspace/install/telemetry_bridge/include/telemetry_bridge/msg/detail/latency_stats__type_support.cpp\n'}
[1.556164] (telemetry_bridge) StdoutLine: {'line': b'-- Up-to-date: /workspace/install/telemetry_bridge/include/telemetry_bridge/msg/detail/latency_stats__rosidl_typesupport_introspection_cpp.hpp\n'}
[1.556191] (telemetry_bridge) StdoutLine: {'line': b'-- Up-to-date: /workspace/install/telemetry_bridge/include/telemetry_bridge/msg/detail/telemetry_state__type_support.cpp\n'}
[1.556229] (telemetry_bridge) StdoutLine: {'line': b'-- Up-to-date: /workspace/install/telemetry_bridge/include/telemetry_bridge/msg/detail/telemetry_state__rosidl_typesupport_introspection_cpp.hpp\n'}
[1.556264] (telemetry_bridge) StdoutLine: {'line': b'-- Installing: /workspace/install/telemetry_bridge/lib/libtelemetry_bridge__rosidl_typesupport_introspection_cpp.so\n'}
[1.556306] (telemetry_bridge) StdoutLine: {'line': b'-- Set runtime path of "/workspace/install/telemetry_bridge/lib/libtelemetry_bridge__rosidl_typesupport_introspection_cpp.so" to ""\n'}
[1.556419] (telemetry_bridge) StdoutLine: {'line': b'-- Installing: /workspace/install/telemetry_bridge/lib/libtelemetry_bridge__rosidl_typesupport_cpp.so\n'}
[1.556727] (telemetry_bridge) StdoutLine: {'line': b'-- Set runtime path of "/workspace/install/telemetry_bridge/lib/libtelemetry_bridge__rosidl_typesupport_cpp.so" to ""\n'}
[1.556775] (telemetry_bridge) StdoutLine: {'line': b'-- Up-to-date: /workspace/install/telemetry_bridge/share/telemetry_bridge/environment/pythonpath.sh\n'}
[1.556826] (telemetry_bridge) StdoutLine: {'line': b'-- Installing: /workspace/install/telemetry_bridge/share/telemetry_bridge/environment/pythonpath.dsv\n'}
[1.556960] (telemetry_bridge) StdoutLine: {'line': b'-- Installing: /workspace/install/telemetry_bridge/lib/python3.8/site-packages/telemetry_bridge/__init__.py\n'}
[1.573843] (telemetry_bridge) StdoutLine: {'line': b"Compiling '/workspace/install/telemetry_bridge/lib/python3.8/site-packages/telemetry_bridge/__init__.py'...\n"}
[1.575833] (telemetry_bridge) StdoutLine: {'line': b'-- Up-to-date: /workspace/install/telemetry_bridge/lib/python3.8/site-packages/telemetry_bridge/msg\n'}
[1.575971] (telemetry_bridge) StdoutLine: {'line': b'-- Up-to-date: /workspace/install/telemetry_bridge/lib/python3.8/site-packages/telemetry_bridge/msg/__init__.py\n'}
[1.576046] (telemetry_bridge) StdoutLine: {'line': b'-- Up-to-date: /workspace/install/telemetry_bridge/lib/python3.8/site-packages/telemetry_bridge/msg/_latency_stats_s.c\n'}
[1.576090] (telemetry_bridge) StdoutLine: {'line': b'-- Up-to-date: /workspace/install/telemetry_bridge/lib/python3.8/site-packages/telemetry_bridge/msg/_telemetry_state_s.c\n'}
[1.576133] (telemetry_bridge) StdoutLine: {'line': b'-- Up-to-date: /workspace/install/telemetry_bridge/lib/python3.8/site-packages/telemetry_bridge/msg/_telemetry_state.py\n'}
[1.576174] (telemetry_bridge) StdoutLine: {'line': b'-- Up-to-date: /workspace/install/telemetry_bridge/lib/python3.8/site-packages/telemetry_bridge/msg/_latency_stats.py\n'}
[1.576257] (telemetry_bridge) StdoutLine: {'line': b'-- Installing: /workspace/install/telemetry_bridge/lib/python3.8/site-packages/telemetry_bridge/telemetry_bridge_s__rosidl_typesupport_fastrtps_c.cpython-38-x86_64-linux-gnu.so\n'}
[1.576702] (telemetry_bridge) StdoutLine: {'line': b'-- Set runtime path of "/workspace/install/telemetry_bridge/lib/python3.8/site-packages/telemetry_bridge/telemetry_bridge_s__rosidl_typesupport_fastrtps_c.cpython-38-x86_64-linux-gnu.so" to ""\n'}
[1.576975] (telemetry_bridge) StdoutLine: {'line': b'-- Installing: /workspace/install/telemetry_bridge/lib/python3.8/site-packages/telemetry_bridge/telemetry_bridge_s__rosidl_typesupport_introspection_c.cpython-38-x86_64-linux-gnu.so\n'}
[1.577420] (telemetry_bridge) StdoutLine: {'line': b'-- Set runtime path of "/workspace/install/telemetry_bridge/lib/python3.8/site-packages/telemetry_bridge/telemetry_bridge_s__rosidl_typesupport_introspection_c.cpython-38-x86_64-linux-gnu.so" to ""\n'}
[1.577660] (telemetry_bridge) StdoutLine: {'line': b'-- Installing: /workspace/install/telemetry_bridge/lib/python3.8/site-packages/telemetry_bridge/telemetry_bridge_s__rosidl_typesupport_c.cpython-38-x86_64-linux-gnu.so\n'}
[1.578079] (telemetry_bridge) StdoutLine: {'line': b'-- Set runtime path of "/workspace/install/telemetry_bridge/lib/python3.8/site-packages/telemetry_bridge/telemetry_bridge_s__rosidl_typesupport_c.cpython-38-x86_64-linux-gnu.so" to ""\n'}
[1.578229] (telemetry_bridge) StdoutLine: {'line': b'-- Installing: /workspace/install/telemetry_bridge/lib/libtelemetry_bridge__python.so\n'}
[1.578562] (telemetry_bridge) StdoutLine: {'line': b'-- Set runtime path of "/workspace/install/telemetry_bridge/lib/libtelemetry_bridge__python.so" to ""\n'}
[1.578610] (telemetry_bridge) StdoutLine: {'line': b'-- Up-to-date: /workspace/install/telemetry_bridge/share/telemetry_bridge/msg/TelemetryState.idl\n'}
[1.578658] (telemetry_bridge) StdoutLine: {'line': b'-- Up-to-date: /workspace/install/telemetry_bridge/share/telemetry_bridge/msg/LatencyStats.idl\n'}
[1.578706] (telemetry_bridge) StdoutLine: {'line': b'-- Up-to-date: /workspace/install/telemetry_bridge/share/telemetry_bridge/msg/TelemetryState.msg\n'}
[1.578754] (telemetry_bridge) StdoutLine: {'line': b'-- Up-to-date: /workspace/install/telemetry_bridge/share/telemetry_bridge/msg/LatencyStats.msg\n'}
[1.578800] (telemetry_bridge) StdoutLine: {'line': b'-- Installing: /workspace/install/telemetry_bridge/lib/libtelemetry_bridge_nodes.so\n'}
[1.583336] (telemetry_bridge) StdoutLine: {'line': b'-- Set runtime path of "/workspace/install/telemetry_bridge/lib/libtelemetry_bridge_nodes.so" to ""\n'}
[1.583486] (telemetry_bridge) StdoutLine: {'line': b'-- Installing: /workspace/install/telemetry_bridge/lib/telemetry_bridge/udp_bridge\n'}
[1.584020] (telemetry_bridge) StdoutLine: {'line': b'-- Set runtime path of "/workspace/install/telemetry_bridge/lib/telemetry_bridge/udp_bridge" to ""\n'}
[1.584167] (telemetry_bridge) StdoutLine: {'line': b'-- Up-to-date: /workspace/install/telemetry_bridge/lib/telemetry_bridge/udp_bridge\n'}
[1.584350] (telemetry_bridge) StdoutLine: {'line': b'-- Installing: /workspace/install/telemetry_bridge/lib/telemetry_bridge/libtelemetry_bridge_nodes.so\n'}
[1.588740] (telemetry_bridge) StdoutLine: {'line': b'-- Set runtime path of "/workspace/install/telemetry_bridge/lib/telemetry_bridge/libtelemetry_bridge_nodes.so" to ""\n'}
[1.588961] (telemetry_bridge) StdoutLine: {'line': b'-- Up-to-date: /workspace/install/telemetry_bridge/share/ament_index/resource_index/package_run_dependencies/telemetry_bridge\n'}
[1.588992] (telemetry_bridge) StdoutLine: {'line': b'-- Up-to-date: /workspace/install/telemetry_bridge/share/ament_index/resource_index/parent_prefix_path/telemetry_bridge\n'}
[1.589019] (telemetry_bridge) StdoutLine: {'line': b'-- Up-to-date: /workspace/install/telemetry_bridge/share/telemetry_bridge/environment/ament_prefix_path.sh\n'}
[1.589049] (telemetry_bridge) StdoutLine: {'line': b'-- Installing: /workspace/install/telemetry_bridge/share/telemetry_bridge/environment/ament_prefix_path.dsv\n'}
[1.589136] (telemetry_bridge) StdoutLine: {'line': b'-- Up-to-date: /workspace/install/telemetry_bridge/share/telemetry_bridge/environment/path.sh\n'}
[1.589164] (telemetry_bridge) StdoutLine: {'line': b'-- Installing: /workspace/install/telemetry_bridge/share/telemetry_bridge/environment/path.dsv\n'}
[1.589237] (telemetry_bridge) StdoutLine: {'line': b'-- Up-to-date: /workspace/install/telemetry_bridge/share/telemetry_bridge/local_setup.bash\n'}
[1.589351] (telemetry_bridge) StdoutLine: {'line': b'-- Up-to-date: /workspace/install/telemetry_bridge/share/telemetry_bridge/local_setup.sh\n'}
[1.589382] (telemetry_bridge) StdoutLine: {'line': b'-- Up-to-date: /workspace/install/telemetry_bridge/share/telemetry_bridge/local_setup.zsh\n'}
[1.589409] (telemetry_bridge) StdoutLine: {'line': b'-- Installing: /workspace/install/telemetry_bridge/share/telemetry_bridge/local_setup.dsv\n'}
[1.589479] (telemetry_bridge) StdoutLine: {'line': b'-- Installing: /workspace/install/telemetry_bridge/share/telemetry_bridge/package.dsv\n'}
[1.589613] (telemetry_bridge) StdoutLine: {'line': b'-- Up-to-date: /workspace/install/telemetry_bridge/share/ament_index/resource_index/packages/telemetry_bridge\n'}
[1.589774] (telemetry_bridge) StdoutLine: {'line': b'-- Old export file "/workspace/install/telemetry_bridge/share/telemetry_bridge/cmake/telemetry_bridge__rosidl_generator_cExport.cmake" will be replaced.  Removing files [/workspace/install/telemetry_bridge/share/telemetry_bridge/cmake/telemetry_bridge__rosidl_generator_cExport-noconfig.cmake].\n'}
[1.589837] (telemetry_bridge) StdoutLine: {'line': b'-- Installing: /workspace/install/telemetry_bridge/share/telemetry_bridge/cmake/telemetry_bridge__rosidl_generator_cExport.cmake\n'}
[1.589998] (telemetry_bridge) StdoutLine: {'line': b'-- Installing: /workspace/install/telemetry_bridge/share/telemetry_bridge/cmake/telemetry_bridge__rosidl_generator_cExport-noconfig.cmake\n'}
[1.590263] (telemetry_bridge) StdoutLine: {'line': b'-- Old export file "/workspace/install/telemetry_bridge/share/telemetry_bridge/cmake/telemetry_bridge__rosidl_typesupport_introspection_cExport.cmake" will be replaced.  Removing files [/workspace/install/telemetry_bridge/share/telemetry_bridge/cmake/telemetry_bridge__rosidl_typesupport_introspection_cExport-noconfig.cmake].\n'}
[1.590336] (telemetry_bridge) StdoutLine: {'line': b'-- Installing: /workspace/install/telemetry_bridge/share/telemetry_bridge/cmake/telemetry_bridge__rosidl_typesupport_introspection_cExport.cmake\n'}
[1.590463] (telemetry_bridge) StdoutLine: {'line': b'-- Installing: /workspace/install/telemetry_bridge/share/telemetry_bridge/cmake/telemetry_bridge__rosidl_typesupport_introspection_cExport-noconfig.cmake\n'}
[1.590696] (telemetry_bridge) StdoutLine: {'line': b'-- Old export file "/workspace/install/telemetry_bridge/share/telemetry_bridge/cmake/telemetry_bridge__rosidl_typesupport_cExport.cmake" will be replaced.  Removing files [/workspace/install/telemetry_bridge/share/telemetry_bridge/cmake/telemetry_bridge__rosidl_typesupport_cExport-noconfig.cmake].\n'}
[1.590778] (telemetry_bridge) StdoutLine: {'line': b'-- Installing: /workspace/install/telemetry_bridge/share/telemetry_bridge/cmake/telemetry_bridge__rosidl_typesupport_cExport.cmake\n'}
[1.590884] (telemetry_bridge) StdoutLine: {'line': b'-- Installing: /workspace/install/telemetry_bridge/share/telemetry_bridge/cmake/telemetry_bridge__rosidl_typesupport_cExport-noconfig.cmake\n'}
[1.591124] (telemetry_bridge) StdoutLine: {'line': b'-- Installing: /workspace/install/telemetry_bridge/share/telemetry_bridge/cmake/telemetry_bridge__rosidl_generator_cppExport.cmake\n'}
[1.591396] (telemetry_bridge) StdoutLine: {'line': b'-- Old export file "/workspace/install/telemetry_bridge/share/telemetry_bridge/cmake/telemetry_bridge__rosidl_typesupport_introspection_cppExport.cmake" will be replaced.  Removing files [/workspace/install/telemetry_bridge/share/telemetry_bridge/cmake/telemetry_bridge__rosidl_typesupport_introspection_cppExport-noconfig.cmake].\n'}
[1.591463] (telemetry_bridge) StdoutLine: {'line': b'-- Installing: /workspace/install/telemetry_bridge/share/telemetry_bridge/cmake/telemetry_bridge__rosidl_typesupport_introspection_cppExport.cmake\n'}
[1.591586] (telemetry_bridge) StdoutLine: {'line': b'-- Installing: /workspace/install/telemetry_bridge/share/telemetry_bridge/cmake/telemetry_bridge__rosidl_typesupport_introspection_cppExport-noconfig.cmake\n'}
[1.591808] (telemetry_bridge) StdoutLine: {'line': b'-- Old export file "/workspace/install/telemetry_bridge/share/telemetry_bridge/cmake/telemetry_bridge__rosidl_typesupport_cppExport.cmake" will be replaced.  Removing files [/workspace/install/telemetry_bridge/share/telemetry_bridge/cmake/telemetry_bridge__rosidl_typesupport_cppExport-noconfig.cmake].\n'}
[1.591879] (telemetry_bridge) StdoutLine: {'line': b'-- Installing: /workspace/install/telemetry_bridge/share/telemetry_bridge/cmake/telemetry_bridge__rosidl_typesupport_cppExport.cmake\n'}
[1.591999] (telemetry_bridge) StdoutLine: {'line': b'-- Installing: /workspace/install/telemetry_bridge/share/telemetry_bridge/cmake/telemetry_bridge__rosidl_typesupport_cppExport-noconfig.cmake\n'}
[1.592115] (telemetry_bridge) StdoutLine: {'line': b'-- Up-to-date: /workspace/install/telemetry_bridge/share/telemetry_bridge/cmake/rosidl_cmake-extras.cmake\n'}
[1.592167] (telemetry_bridge) StdoutLine: {'line': b'-- Installing: /workspace/install/telemetry_bridge/share/telemetry_bridge/cmake/ament_cmake_export_dependencies-extras.cmake\n'}
[1.592294] (telemetry_bridge) StdoutLine: {'line': b'-- Up-to-date: /workspace/install/telemetry_bridge/share/telemetry_bridge/cmake/ament_cmake_export_libraries-extras.cmake\n'}
[1.592347] (telemetry_bridge) StdoutLine: {'line': b'-- Up-to-date: /workspace/install/telemetry_bridge/share/telemetry_bridge/cmake/ament_cmake_export_targets-extras.cmake\n'}
[1.592399] (telemetry_bridge) StdoutLine: {'line': b'-- Up-to-date: /workspace/install/telemetry_bridge/share/telemetry_bridge/cmake/ament_cmake_export_include_directories-extras.cmake\n'}
[1.592463] (telemetry_bridge) StdoutLine: {'line': b'-- Up-to-date: /workspace/install/telemetry_bridge/share/telemetry_bridge/cmake/rosidl_cmake_export_typesupport_libraries-extras.cmake\n'}
[1.592523] (telemetry_bridge) StdoutLine: {'line': b'-- Up-to-date: /workspace/install/telemetry_bridge/share/telemetry_bridge/cmake/rosidl_cmake_export_typesupport_targets-extras.cmake\n'}
[1.592569] (telemetry_bridge) StdoutLine: {'line': b'-- Up-to-date: /workspace/install/telemetry_bridge/share/telemetry_bridge/cmake/telemetry_bridgeConfig.cmake\n'}
[1.592596] (telemetry_bridge) StdoutLine: {'line': b'-- Up-to-date: /workspace/install/telemetry_bridge/share/telemetry_bridge/cmake/telemetry_bridgeConfig-version.cmake\n'}
[1.592623] (telemetry_bridge) StdoutLine: {'line': b'-- Up-to-date: /workspace/install/telemetry_bridge/share/telemetry_bridge/package.xml\n'}
[1.594241] (telemetry_bridge) CommandEnded: {'returncode': 0}
[1.601117] (-) TimerEvent: {}
[1.666319] (telemetry_bridge) JobEnded: {'identifier': 'telemetry_bridge', 'rc': 0}
[1.666735] (-) EventReactorShutdown: {}
