-- Found ament_cmake: 0.9.12 (/opt/ros/foxy/share/ament_cmake/cmake)
-- Found PythonInterp: /usr/bin/python3 (found suitable version "3.8.10", minimum required is "3") 
-- Using PYTHON_EXECUTABLE: /usr/bin/python3
-- Found rclcpp: 2.4.3 (/opt/ros/foxy/share/rclcpp/cmake)
-- Using all available rosidl_typesupport_c: rosidl_typesupport_fastrtps_c;rosidl_typesupport_introspection_c
-- Found rosidl_adapter: 1.3.1 (/opt/ros/foxy/share/rosidl_adapter/cmake)
-- Using all available rosidl_typesupport_cpp: rosidl_typesupport_fastrtps_cpp;rosidl_typesupport_introspection_cpp
-- Found rmw_implementation_cmake: 1.0.4 (/opt/ros/foxy/share/rmw_implementation_cmake/cmake)
-- Using RMW implementation 'rmw_fastrtps_cpp' as default
-- Found geometry_msgs: 2.0.5 (/opt/ros/foxy/share/geometry_msgs/cmake)
-- Found rosidl_default_generators: 1.0.1 (/opt/ros/foxy/share/rosidl_default_generators/cmake)
-- Found ament_cmake_gtest: 0.9.12 (/opt/ros/foxy/share/ament_cmake_gtest/cmake)
-- Found PythonInterp: /usr/bin/python3 (found version "3.8.10") 
-- Found ament_cmake_ros: 0.9.2 (/opt/ros/foxy/share/ament_cmake_ros/cmake)
-- Using all available rosidl_typesupport_c: rosidl_typesupport_fastrtps_c;rosidl_typesupport_introspection_c
-- Using all available rosidl_typesupport_cpp: rosidl_typesupport_fastrtps_cpp;rosidl_typesupport_introspection_cpp
-- Found PythonInterp: /usr/bin/python3 (found suitable version "3.8.10", minimum required is "3.5") 
-- Found python_cmake_module: 0.8.1 (/opt/ros/foxy/share/python_cmake_module/cmake)
-- Using PYTHON_EXECUTABLE: /usr/bin/python3
-- Using PYTHON_INCLUDE_DIRS: /usr/include/python3.8
-- Using PYTHON_LIBRARIES: /usr/lib/x86_64-linux-gnu/libpython3.8.so
-- Found gtest sources under '/opt/ros/foxy/src/gtest_vendor': C++ tests using 'Google Test' will be built
-- Configuring done
-- Generating done
-- Build files have been written to: /workspace/build/telemetry_bridge
[  1%] Generating C code for ROS interfaces
[  3%] Generating C++ code for ROS interfaces
[ 11%] Built target gtest
[ 11%] Built target gtest_main
[ 13%] Building CXX object CMakeFiles/latency_test.dir/workspace/src/tests/latency_test.cpp.o
[ 13%] Built target telemetry_bridge__cpp
[ 15%] Generating C++ type support dispatch for ROS interfaces
[ 19%] Generating C++ type support for eProsima Fast-RTPS
[ 19%] Generating C++ introspection for ROS interfaces
Scanning dependencies of target telemetry_bridge__rosidl_generator_c
[ 23%] Building C object CMakeFiles/telemetry_bridge__rosidl_generator_c.dir/rosidl_generator_c/telemetry_bridge/msg/detail/latency_stats__functions.c.o
[ 23%] Building C object CMakeFiles/telemetry_bridge__rosidl_generator_c.dir/rosidl_generator_c/telemetry_bridge/msg/detail/telemetry_state__functions.c.o
[ 25%] Linking C shared library libtelemetry_bridge__rosidl_generator_c.so
[ 25%] Built target telemetry_bridge__rosidl_generator_c
[ 28%] Generating C introspection for ROS interfaces
[ 28%] Generating C type support dispatch for ROS interfaces
Scanning dependencies of target telemetry_bridge__rosidl_typesupport_cpp
Scanning dependencies of target telemetry_bridge__rosidl_typesupport_introspection_cpp
[ 36%] Building CXX object CMakeFiles/telemetry_bridge__rosidl_typesupport_cpp.dir/rosidl_typesupport_cpp/telemetry_bridge/msg/telemetry_state__type_support.cpp.o
[ 36%] Building CXX object CMakeFiles/telemetry_bridge__rosidl_typesupport_cpp.dir/rosidl_typesupport_cpp/telemetry_bridge/msg/latency_stats__type_support.cpp.o
[ 36%] Building CXX object CMakeFiles/telemetry_bridge__rosidl_typesupport_introspection_cpp.dir/rosidl_typesupport_introspection_cpp/telemetry_bridge/msg/detail/latency_stats__type_support.cpp.o
[ 36%] Building CXX object CMakeFiles/telemetry_bridge__rosidl_typesupport_introspection_cpp.dir/rosidl_typesupport_introspection_cpp/telemetry_bridge/msg/detail/telemetry_state__type_support.cpp.o
Scanning dependencies of target telemetry_bridge__rosidl_typesupport_fastrtps_cpp
[ 38%] Building CXX object CMakeFiles/telemetry_bridge__rosidl_typesupport_fastrtps_cpp.dir/rosidl_typesupport_fastrtps_cpp/telemetry_bridge/msg/detail/dds_fastrtps/telemetry_state__type_support.cpp.o
[ 40%] Building CXX object CMakeFiles/telemetry_bridge__rosidl_typesupport_fastrtps_cpp.dir/rosidl_typesupport_fastrtps_cpp/telemetry_bridge/msg/detail/dds_fastrtps/latency_stats__type_support.cpp.o
Scanning dependencies of target telemetry_bridge__rosidl_typesupport_introspection_c
[ 44%] Building C object CMakeFiles/telemetry_bridge__rosidl_typesupport_introspection_c.dir/rosidl_typesupport_introspection_c/telemetry_bridge/msg/detail/latency_stats__type_support.c.o
[ 44%] Building C object CMakeFiles/telemetry_bridge__rosidl_typesupport_introspection_c.dir/rosidl_typesupport_introspection_c/telemetry_bridge/msg/detail/telemetry_state__type_support.c.o
Scanning dependencies of target telemetry_bridge__rosidl_typesupport_c
[ 46%] Linking CXX shared library libtelemetry_bridge__rosidl_typesupport_cpp.so
[ 48%] Linking CXX shared library libtelemetry_bridge__rosidl_typesupport_introspection_cpp.so
[ 50%] Building CXX object CMakeFiles/telemetry_bridge__rosidl_typesupport_c.dir/rosidl_typesupport_c/telemetry_bridge/msg/latency_stats__type_support.cpp.o
[ 51%] Building CXX object CMakeFiles/telemetry_bridge__rosidl_typesupport_c.dir/rosidl_typesupport_c/telemetry_bridge/msg/telemetry_state__type_support.cpp.o
[ 53%] Linking C shared library libtelemetry_bridge__rosidl_typesupport_introspection_c.so
[ 55%] Linking CXX shared library libtelemetry_bridge__rosidl_typesupport_c.so
[ 55%] Built target telemetry_bridge__rosidl_typesupport_cpp
[ 55%] Built target telemetry_bridge__rosidl_typesupport_introspection_cpp
[ 55%] Built target telemetry_bridge__rosidl_typesupport_introspection_c
[ 55%] Built target telemetry_bridge__rosidl_typesupport_c
[ 57%] Linking CXX shared library libtelemetry_bridge__rosidl_typesupport_fastrtps_cpp.so
[ 57%] Built target telemetry_bridge__rosidl_typesupport_fastrtps_cpp
[ 59%] Generating C type support for eProsima Fast-RTPS
[ 61%] Linking CXX executable latency_test
Scanning dependencies of target telemetry_bridge__rosidl_typesupport_fastrtps_c
[ 65%] Building CXX object CMakeFiles/telemetry_bridge__rosidl_typesupport_fastrtps_c.dir/rosidl_typesupport_fastrtps_c/telemetry_bridge/msg/detail/telemetry_state__type_support_c.cpp.o
[ 65%] Building CXX object CMakeFiles/telemetry_bridge__rosidl_typesupport_fastrtps_c.dir/rosidl_typesupport_fastrtps_c/telemetry_bridge/msg/detail/latency_stats__type_support_c.cpp.o
[ 65%] Built target latency_test
[ 67%] Linking CXX shared library libtelemetry_bridge__rosidl_typesupport_fastrtps_c.so
[ 67%] Built target telemetry_bridge__rosidl_typesupport_fastrtps_c
[ 67%] Built target telemetry_bridge
[ 69%] Generating Python code for ROS interfaces
Scanning dependencies of target telemetry_bridge_nodes
[ 73%] Building CXX object CMakeFiles/telemetry_bridge_nodes.dir/workspace/src/StateMonitorNode.cpp.o
[ 73%] Building CXX object CMakeFiles/telemetry_bridge_nodes.dir/workspace/src/UdpBridgeNode.cpp.o
[ 73%] Built target telemetry_bridge__py
Scanning dependencies of target telemetry_bridge__python
[ 76%] Building C object CMakeFiles/telemetry_bridge__python.dir/rosidl_generator_py/telemetry_bridge/msg/_latency_stats_s.c.o
[ 76%] Building C object CMakeFiles/telemetry_bridge__python.dir/rosidl_generator_py/telemetry_bridge/msg/_telemetry_state_s.c.o
[ 78%] Linking C shared library rosidl_generator_py/telemetry_bridge/libtelemetry_bridge__python.so
[ 78%] Built target telemetry_bridge__python
Scanning dependencies of target telemetry_bridge__rosidl_typesupport_c__pyext
Scanning dependencies of target telemetry_bridge__rosidl_typesupport_introspection_c__pyext
Scanning dependencies of target telemetry_bridge__rosidl_typesupport_fastrtps_c__pyext
[ 84%] Building C object CMakeFiles/telemetry_bridge__rosidl_typesupport_c__pyext.dir/rosidl_generator_py/telemetry_bridge/_telemetry_bridge_s.ep.rosidl_typesupport_c.c.o
[ 84%] Building C object CMakeFiles/telemetry_bridge__rosidl_typesupport_introspection_c__pyext.dir/rosidl_generator_py/telemetry_bridge/_telemetry_bridge_s.ep.rosidl_typesupport_introspection_c.c.o
[ 84%] Building C object CMakeFiles/telemetry_bridge__rosidl_typesupport_fastrtps_c__pyext.dir/rosidl_generator_py/telemetry_bridge/_telemetry_bridge_s.ep.rosidl_typesupport_fastrtps_c.c.o
[ 90%] Linking CXX shared library rosidl_generator_py/telemetry_bridge/telemetry_bridge_s__rosidl_typesupport_fastrtps_c.cpython-38-x86_64-linux-gnu.so
[ 90%] Linking C shared library rosidl_generator_py/telemetry_bridge/telemetry_bridge_s__rosidl_typesupport_c.cpython-38-x86_64-linux-gnu.so
[ 90%] Linking C shared library rosidl_generator_py/telemetry_bridge/telemetry_bridge_s__rosidl_typesupport_introspection_c.cpython-38-x86_64-linux-gnu.so
[ 90%] Built target telemetry_bridge__rosidl_typesupport_c__pyext
[ 90%] Built target telemetry_bridge__rosidl_typesupport_introspection_c__pyext
[ 90%] Built target telemetry_bridge__rosidl_typesupport_fastrtps_c__pyext
