[0.016s] Invoking command in '/workspace/build/telemetry_bridge': CMAKE_PREFIX_PATH=/opt/ros/foxy /usr/bin/cmake --build /workspace/build/telemetry_bridge -- -j16 -l16
[0.098s] -- Found ament_cmake: 0.9.12 (/opt/ros/foxy/share/ament_cmake/cmake)
[0.109s] -- Found PythonInterp: /usr/bin/python3 (found suitable version "3.8.10", minimum required is "3") 
[0.109s] -- Using PYTHON_EXECUTABLE: /usr/bin/python3
[0.195s] -- Found rclcpp: 2.4.3 (/opt/ros/foxy/share/rclcpp/cmake)
[0.217s] -- Using all available rosidl_typesupport_c: rosidl_typesupport_fastrtps_c;rosidl_typesupport_introspection_c
[0.220s] -- Found rosidl_adapter: 1.3.1 (/opt/ros/foxy/share/rosidl_adapter/cmake)
[0.286s] -- Using all available rosidl_typesupport_cpp: rosidl_typesupport_fastrtps_cpp;rosidl_typesupport_introspection_cpp
[0.317s] -- Found rmw_implementation_cmake: 1.0.4 (/opt/ros/foxy/share/rmw_implementation_cmake/cmake)
[0.318s] -- Using RMW implementation 'rmw_fastrtps_cpp' as default
[0.396s] -- Found geometry_msgs: 2.0.5 (/opt/ros/foxy/share/geometry_msgs/cmake)
[0.414s] -- Found rosidl_default_generators: 1.0.1 (/opt/ros/foxy/share/rosidl_default_generators/cmake)
[0.420s] -- Found ament_cmake_gtest: 0.9.12 (/opt/ros/foxy/share/ament_cmake_gtest/cmake)
[0.431s] -- Found PythonInterp: /usr/bin/python3 (found version "3.8.10") 
[0.517s] -- Found ament_cmake_ros: 0.9.2 (/opt/ros/foxy/share/ament_cmake_ros/cmake)
[0.598s] -- Using all available rosidl_typesupport_c: rosidl_typesupport_fastrtps_c;rosidl_typesupport_introspection_c
[0.630s] -- Using all available rosidl_typesupport_cpp: rosidl_typesupport_fastrtps_cpp;rosidl_typesupport_introspection_cpp
[0.641s] -- Found PythonInterp: /usr/bin/python3 (found suitable version "3.8.10", minimum required is "3.5") 
[0.641s] -- Found python_cmake_module: 0.8.1 (/opt/ros/foxy/share/python_cmake_module/cmake)
[0.652s] -- Using PYTHON_EXECUTABLE: /usr/bin/python3
[0.652s] -- Using PYTHON_INCLUDE_DIRS: /usr/include/python3.8
[0.652s] -- Using PYTHON_LIBRARIES: /usr/lib/x86_64-linux-gnu/libpython3.8.so
[0.671s] -- Found gtest sources under '/opt/ros/foxy/src/gtest_vendor': C++ tests using 'Google Test' will be built
[0.683s] -- Configuring done
[0.739s] -- Generating done
[0.742s] -- Build files have been written to: /workspace/build/telemetry_bridge
[0.761s] [  1%] Generating C code for ROS interfaces
[0.769s] [  3%] Generating C++ code for ROS interfaces
[0.769s] [ 11%] Built target gtest
[0.769s] [ 11%] Built target gtest_main
[0.783s] [ 13%] Building CXX object CMakeFiles/latency_test.dir/workspace/src/tests/latency_test.cpp.o
[0.943s] [ 13%] Built target telemetry_bridge__cpp
[0.951s] [ 15%] Generating C++ type support dispatch for ROS interfaces
[0.951s] [ 19%] Generating C++ type support for eProsima Fast-RTPS
[0.951s] [ 19%] Generating C++ introspection for ROS interfaces
[0.957s] Scanning dependencies of target telemetry_bridge__rosidl_generator_c
[0.968s] [ 23%] Building C object CMakeFiles/telemetry_bridge__rosidl_generator_c.dir/rosidl_generator_c/telemetry_bridge/msg/detail/latency_stats__functions.c.o
[0.968s] [ 23%] Building C object CMakeFiles/telemetry_bridge__rosidl_generator_c.dir/rosidl_generator_c/telemetry_bridge/msg/detail/telemetry_state__functions.c.o
[1.050s] [ 25%] Linking C shared library libtelemetry_bridge__rosidl_generator_c.so
[1.093s] [ 25%] Built target telemetry_bridge__rosidl_generator_c
[1.102s] [ 28%] Generating C introspection for ROS interfaces
[1.102s] [ 28%] Generating C type support dispatch for ROS interfaces
[1.112s] Scanning dependencies of target telemetry_bridge__rosidl_typesupport_cpp
[1.114s] Scanning dependencies of target telemetry_bridge__rosidl_typesupport_introspection_cpp
[1.122s] [ 36%] Building CXX object CMakeFiles/telemetry_bridge__rosidl_typesupport_cpp.dir/rosidl_typesupport_cpp/telemetry_bridge/msg/telemetry_state__type_support.cpp.o
[1.122s] [ 36%] Building CXX object CMakeFiles/telemetry_bridge__rosidl_typesupport_cpp.dir/rosidl_typesupport_cpp/telemetry_bridge/msg/latency_stats__type_support.cpp.o
[1.122s] [ 36%] Building CXX object CMakeFiles/telemetry_bridge__rosidl_typesupport_introspection_cpp.dir/rosidl_typesupport_introspection_cpp/telemetry_bridge/msg/detail/latency_stats__type_support.cpp.o
[1.122s] [ 36%] Building CXX object CMakeFiles/telemetry_bridge__rosidl_typesupport_introspection_cpp.dir/rosidl_typesupport_introspection_cpp/telemetry_bridge/msg/detail/telemetry_state__type_support.cpp.o
[1.129s] Scanning dependencies of target telemetry_bridge__rosidl_typesupport_fastrtps_cpp
[1.139s] [ 38%] Building CXX object CMakeFiles/telemetry_bridge__rosidl_typesupport_fastrtps_cpp.dir/rosidl_typesupport_fastrtps_cpp/telemetry_bridge/msg/detail/dds_fastrtps/telemetry_state__type_support.cpp.o
[1.139s] [ 40%] Building CXX object CMakeFiles/telemetry_bridge__rosidl_typesupport_fastrtps_cpp.dir/rosidl_typesupport_fastrtps_cpp/telemetry_bridge/msg/detail/dds_fastrtps/latency_stats__type_support.cpp.o
[1.291s] Scanning dependencies of target telemetry_bridge__rosidl_typesupport_introspection_c
[1.301s] [ 44%] Building C object CMakeFiles/telemetry_bridge__rosidl_typesupport_introspection_c.dir/rosidl_typesupport_introspection_c/telemetry_bridge/msg/detail/latency_stats__type_support.c.o
[1.301s] [ 44%] Building C object CMakeFiles/telemetry_bridge__rosidl_typesupport_introspection_c.dir/rosidl_typesupport_introspection_c/telemetry_bridge/msg/detail/telemetry_state__type_support.c.o
[1.303s] Scanning dependencies of target telemetry_bridge__rosidl_typesupport_c
[1.309s] [ 46%] Linking CXX shared library libtelemetry_bridge__rosidl_typesupport_cpp.so
[1.309s] [ 48%] Linking CXX shared library libtelemetry_bridge__rosidl_typesupport_introspection_cpp.so
[1.311s] [ 50%] Building CXX object CMakeFiles/telemetry_bridge__rosidl_typesupport_c.dir/rosidl_typesupport_c/telemetry_bridge/msg/latency_stats__type_support.cpp.o
[1.312s] [ 51%] Building CXX object CMakeFiles/telemetry_bridge__rosidl_typesupport_c.dir/rosidl_typesupport_c/telemetry_bridge/msg/telemetry_state__type_support.cpp.o
[1.330s] [ 53%] Linking C shared library libtelemetry_bridge__rosidl_typesupport_introspection_c.so
[1.336s] [ 55%] Linking CXX shared library libtelemetry_bridge__rosidl_typesupport_c.so
[1.343s] [ 55%] Built target telemetry_bridge__rosidl_typesupport_cpp
[1.354s] [ 55%] Built target telemetry_bridge__rosidl_typesupport_introspection_cpp
[1.355s] [ 55%] Built target telemetry_bridge__rosidl_typesupport_introspection_c
[1.368s] [ 55%] Built target telemetry_bridge__rosidl_typesupport_c
[1.393s] [ 57%] Linking CXX shared library libtelemetry_bridge__rosidl_typesupport_fastrtps_cpp.so
[1.457s] [ 57%] Built target telemetry_bridge__rosidl_typesupport_fastrtps_cpp
[1.466s] [ 59%] Generating C type support for eProsima Fast-RTPS
[1.577s] [ 61%] Linking CXX executable latency_test
[1.644s] Scanning dependencies of target telemetry_bridge__rosidl_typesupport_fastrtps_c
[1.653s] [ 65%] Building CXX object CMakeFiles/telemetry_bridge__rosidl_typesupport_fastrtps_c.dir/rosidl_typesupport_fastrtps_c/telemetry_bridge/msg/detail/telemetry_state__type_support_c.cpp.o
[1.653s] [ 65%] Building CXX object CMakeFiles/telemetry_bridge__rosidl_typesupport_fastrtps_c.dir/rosidl_typesupport_fastrtps_c/telemetry_bridge/msg/detail/latency_stats__type_support_c.cpp.o
[1.667s] [ 65%] Built target latency_test
[1.836s] [ 67%] Linking CXX shared library libtelemetry_bridge__rosidl_typesupport_fastrtps_c.so
[1.893s] [ 67%] Built target telemetry_bridge__rosidl_typesupport_fastrtps_c
[1.907s] [ 67%] Built target telemetry_bridge
[1.922s] [ 69%] Generating Python code for ROS interfaces
[1.937s] Scanning dependencies of target telemetry_bridge_nodes
[1.949s] [ 73%] Building CXX object CMakeFiles/telemetry_bridge_nodes.dir/workspace/src/StateMonitorNode.cpp.o
[1.949s] [ 73%] Building CXX object CMakeFiles/telemetry_bridge_nodes.dir/workspace/src/UdpBridgeNode.cpp.o
[2.284s] [ 73%] Built target telemetry_bridge__py
[2.299s] Scanning dependencies of target telemetry_bridge__python
[2.308s] [ 76%] Building C object CMakeFiles/telemetry_bridge__python.dir/rosidl_generator_py/telemetry_bridge/msg/_latency_stats_s.c.o
[2.308s] [ 76%] Building C object CMakeFiles/telemetry_bridge__python.dir/rosidl_generator_py/telemetry_bridge/msg/_telemetry_state_s.c.o
[2.375s] [ 78%] Linking C shared library rosidl_generator_py/telemetry_bridge/libtelemetry_bridge__python.so
[2.407s] [ 78%] Built target telemetry_bridge__python
[2.419s] Scanning dependencies of target telemetry_bridge__rosidl_typesupport_c__pyext
[2.419s] Scanning dependencies of target telemetry_bridge__rosidl_typesupport_introspection_c__pyext
[2.420s] Scanning dependencies of target telemetry_bridge__rosidl_typesupport_fastrtps_c__pyext
[2.428s] [ 84%] Building C object CMakeFiles/telemetry_bridge__rosidl_typesupport_c__pyext.dir/rosidl_generator_py/telemetry_bridge/_telemetry_bridge_s.ep.rosidl_typesupport_c.c.o
[2.428s] [ 84%] Building C object CMakeFiles/telemetry_bridge__rosidl_typesupport_introspection_c__pyext.dir/rosidl_generator_py/telemetry_bridge/_telemetry_bridge_s.ep.rosidl_typesupport_introspection_c.c.o
[2.428s] [ 84%] Building C object CMakeFiles/telemetry_bridge__rosidl_typesupport_fastrtps_c__pyext.dir/rosidl_generator_py/telemetry_bridge/_telemetry_bridge_s.ep.rosidl_typesupport_fastrtps_c.c.o
[2.481s] [ 90%] Linking CXX shared library rosidl_generator_py/telemetry_bridge/telemetry_bridge_s__rosidl_typesupport_fastrtps_c.cpython-38-x86_64-linux-gnu.so
[2.481s] [ 90%] Linking C shared library rosidl_generator_py/telemetry_bridge/telemetry_bridge_s__rosidl_typesupport_c.cpython-38-x86_64-linux-gnu.so
[2.481s] [ 90%] Linking C shared library rosidl_generator_py/telemetry_bridge/telemetry_bridge_s__rosidl_typesupport_introspection_c.cpython-38-x86_64-linux-gnu.so
[2.508s] [ 90%] Built target telemetry_bridge__rosidl_typesupport_c__pyext
[2.508s] [ 90%] Built target telemetry_bridge__rosidl_typesupport_introspection_c__pyext
[2.527s] [ 90%] Built target telemetry_bridge__rosidl_typesupport_fastrtps_c__pyext
[2.712s] /workspace/src/UdpBridgeNode.cpp: In constructor ‘telemetry_bridge::UdpBridgeNode::UdpBridgeNode()’:
[2.713s] /workspace/src/UdpBridgeNode.cpp:49:5: error: ‘state_sub_’ was not declared in this scope
[2.713s]    49 |     state_sub_ = this->create_subscription<telemetry_bridge::msg::TelemetryState>(
[2.713s]       |     ^~~~~~~~~~
[2.713s] /workspace/src/UdpBridgeNode.cpp:52:20: error: ‘StateMonitorNode’ has not been declared
[2.713s]    52 |         std::bind(&StateMonitorNode::handle_state, this, std::placeholders::_1));
[2.713s]       |                    ^~~~~~~~~~~~~~~~
[3.518s] make[2]: *** [CMakeFiles/telemetry_bridge_nodes.dir/build.make:76: CMakeFiles/telemetry_bridge_nodes.dir/workspace/src/UdpBridgeNode.cpp.o] Error 1
[3.518s] make[2]: *** Waiting for unfinished jobs....
[4.662s] make[1]: *** [CMakeFiles/Makefile2:303: CMakeFiles/telemetry_bridge_nodes.dir/all] Error 2
[4.662s] make: *** [Makefile:141: all] Error 2
[4.663s] Invoked command in '/workspace/build/telemetry_bridge' returned '2': CMAKE_PREFIX_PATH=/opt/ros/foxy /usr/bin/cmake --build /workspace/build/telemetry_bridge -- -j16 -l16
